Log file open, 02/06/17 22:21:10
LogInit:Display: Running engine for game: Project_Wyvern
LogPlatformFile: Not using cached read wrapper
LogInit:Display: RandInit(1001745197) SRandInit(1001745197).
LogTaskGraph: Started task graph with 5 named threads and 8 total threads with 1 sets of task threads.
LogStats: Stats thread started at 0.064720
LogPluginManager: Loaded Plugin Paper2D, From C:/Program Files (x86)/Epic Games/4.13/Engine/Plugins/2D/Paper2D/Paper2D.uplugin
LogPluginManager: Loaded Plugin LightPropagationVolume, From C:/Program Files (x86)/Epic Games/4.13/Engine/Plugins/Blendables/LightPropagationVolume/LightPropagationVolume.uplugin
LogPluginManager: Loaded Plugin BlankPlugin, From C:/Program Files (x86)/Epic Games/4.13/Engine/Plugins/Developer/BlankPlugin/BlankPlugin.uplugin
LogPluginManager: Loaded Plugin CodeLiteSourceCodeAccess, From C:/Program Files (x86)/Epic Games/4.13/Engine/Plugins/Developer/CodeLiteSourceCodeAccess/CodeLiteSourceCodeAccess.uplugin
LogPluginManager: Loaded Plugin GitSourceControl, From C:/Program Files (x86)/Epic Games/4.13/Engine/Plugins/Developer/GitSourceControl/GitSourceControl.uplugin
LogPluginManager: Loaded Plugin KDevelopSourceCodeAccess, From C:/Program Files (x86)/Epic Games/4.13/Engine/Plugins/Developer/KDevelopSourceCodeAccess/KDevelopSourceCodeAccess.uplugin
LogPluginManager: Loaded Plugin NullSourceCodeAccess, From C:/Program Files (x86)/Epic Games/4.13/Engine/Plugins/Developer/NullSourceCodeAccess/NullSourceCodeAccess.uplugin
LogPluginManager: Loaded Plugin OneSkyLocalizationService, From C:/Program Files (x86)/Epic Games/4.13/Engine/Plugins/Developer/OneSkyLocalizationService/OneSkyLocalizationService.uplugin
LogPluginManager: Loaded Plugin PerforceSourceControl, From C:/Program Files (x86)/Epic Games/4.13/Engine/Plugins/Developer/PerforceSourceControl/PerforceSourceControl.uplugin
LogPluginManager: Loaded Plugin SubversionSourceControl, From C:/Program Files (x86)/Epic Games/4.13/Engine/Plugins/Developer/SubversionSourceControl/SubversionSourceControl.uplugin
LogPluginManager: Loaded Plugin UObjectPlugin, From C:/Program Files (x86)/Epic Games/4.13/Engine/Plugins/Developer/UObjectPlugin/UObjectPlugin.uplugin
LogPluginManager: Loaded Plugin VisualStudioSourceCodeAccess, From C:/Program Files (x86)/Epic Games/4.13/Engine/Plugins/Developer/VisualStudioSourceCodeAccess/VisualStudioSourceCodeAccess.uplugin
LogPluginManager: Loaded Plugin XCodeSourceCodeAccess, From C:/Program Files (x86)/Epic Games/4.13/Engine/Plugins/Developer/XCodeSourceCodeAccess/XCodeSourceCodeAccess.uplugin
LogPluginManager: Loaded Plugin EpicSurvey, From C:/Program Files (x86)/Epic Games/4.13/Engine/Plugins/Editor/EpicSurvey/EpicSurvey.uplugin
LogPluginManager: Loaded Plugin MacGraphicsSwitching, From C:/Program Files (x86)/Epic Games/4.13/Engine/Plugins/Editor/MacGraphicsSwitching/MacGraphicsSwitching.uplugin
LogPluginManager: Loaded Plugin MobileLauncherProfileWizard, From C:/Program Files (x86)/Epic Games/4.13/Engine/Plugins/Editor/MobileLauncherProfileWizard/MobileLauncherProfileWizard.uplugin
LogPluginManager: Loaded Plugin PluginBrowser, From C:/Program Files (x86)/Epic Games/4.13/Engine/Plugins/Editor/PluginBrowser/PluginBrowser.uplugin
LogPluginManager: Loaded Plugin SpeedTreeImporter, From C:/Program Files (x86)/Epic Games/4.13/Engine/Plugins/Editor/SpeedTreeImporter/SpeedTreeImporter.uplugin
LogPluginManager: Loaded Plugin SuperSearchEditor, From C:/Program Files (x86)/Epic Games/4.13/Engine/Plugins/Editor/SuperSearchEditor/SuperSearchEditor.uplugin
LogPluginManager: Loaded Plugin AlembicImporter, From C:/Program Files (x86)/Epic Games/4.13/Engine/Plugins/Experimental/AlembicImporter/AlembicImporter.uplugin
LogPluginManager: Loaded Plugin BlueprintStats, From C:/Program Files (x86)/Epic Games/4.13/Engine/Plugins/Experimental/BlueprintStats/BlueprintStats.uplugin
LogPluginManager: Loaded Plugin CharacterAI, From C:/Program Files (x86)/Epic Games/4.13/Engine/Plugins/Experimental/CharacterAI/CharacterAI.uplugin
LogPluginManager: Loaded Plugin CodeEditor, From C:/Program Files (x86)/Epic Games/4.13/Engine/Plugins/Experimental/CodeEditor/CodeEditor.uplugin
LogPluginManager: Loaded Plugin CodeView, From C:/Program Files (x86)/Epic Games/4.13/Engine/Plugins/Experimental/CodeView/CodeView.uplugin
LogPluginManager: Loaded Plugin HTML5Networking, From C:/Program Files (x86)/Epic Games/4.13/Engine/Plugins/Experimental/HTML5Networking/HTML5Networking.uplugin
LogPluginManager: Loaded Plugin LiveEditor, From C:/Program Files (x86)/Epic Games/4.13/Engine/Plugins/Experimental/LiveEditor/LiveEditor.uplugin
LogPluginManager: Loaded Plugin OSVR, From C:/Program Files (x86)/Epic Games/4.13/Engine/Plugins/Experimental/OSVR/OSVR.uplugin
LogPluginManager: Loaded Plugin Phya, From C:/Program Files (x86)/Epic Games/4.13/Engine/Plugins/Experimental/Phya/Phya.uplugin
LogPluginManager: Loaded Plugin SignificanceManager, From C:/Program Files (x86)/Epic Games/4.13/Engine/Plugins/Experimental/SignificanceManager/SignificanceManager.uplugin
LogPluginManager: Loaded Plugin SimpleHMD, From C:/Program Files (x86)/Epic Games/4.13/Engine/Plugins/Experimental/SimpleHMD/SimpleHMD.uplugin
LogPluginManager: Loaded Plugin StereoPanorama, From C:/Program Files (x86)/Epic Games/4.13/Engine/Plugins/Experimental/StereoPanorama/StereoPanorama.uplugin
LogPluginManager: Loaded Plugin StructBox, From C:/Program Files (x86)/Epic Games/4.13/Engine/Plugins/Experimental/StructBox/StructBox.uplugin
LogPluginManager: Loaded Plugin Substance, From C:/Program Files (x86)/Epic Games/4.13/Engine/Plugins/Marketplace/Substance/Substance.uplugin
LogPluginManager: Loaded Plugin AndroidMedia, From C:/Program Files (x86)/Epic Games/4.13/Engine/Plugins/Media/AndroidMedia/AndroidMedia.uplugin
LogPluginManager: Loaded Plugin AvfMedia, From C:/Program Files (x86)/Epic Games/4.13/Engine/Plugins/Media/AvfMedia/AvfMedia.uplugin
LogPluginManager: Loaded Plugin MediaPlayerEditor, From C:/Program Files (x86)/Epic Games/4.13/Engine/Plugins/Media/MediaPlayerEditor/MediaPlayerEditor.uplugin
LogPluginManager: Loaded Plugin WmfMedia, From C:/Program Files (x86)/Epic Games/4.13/Engine/Plugins/Media/WmfMedia/WmfMedia.uplugin
LogPluginManager: Loaded Plugin MessagingDebugger, From C:/Program Files (x86)/Epic Games/4.13/Engine/Plugins/Messaging/MessagingDebugger/MessagingDebugger.uplugin
LogPluginManager: Loaded Plugin TcpMessaging, From C:/Program Files (x86)/Epic Games/4.13/Engine/Plugins/Messaging/TcpMessaging/TcpMessaging.uplugin
LogPluginManager: Loaded Plugin UdpMessaging, From C:/Program Files (x86)/Epic Games/4.13/Engine/Plugins/Messaging/UdpMessaging/UdpMessaging.uplugin
LogPluginManager: Loaded Plugin LevelSequenceEditor, From C:/Program Files (x86)/Epic Games/4.13/Engine/Plugins/MovieScene/LevelSequenceEditor/LevelSequenceEditor.uplugin
LogPluginManager: Loaded Plugin MatineeToLevelSequence, From C:/Program Files (x86)/Epic Games/4.13/Engine/Plugins/MovieScene/MatineeToLevelSequence/MatineeToLevelSequence.uplugin
LogPluginManager: Loaded Plugin NetcodeUnitTest, From C:/Program Files (x86)/Epic Games/4.13/Engine/Plugins/NetcodeUnitTest/NetcodeUnitTest/NetcodeUnitTest.uplugin
LogPluginManager: Loaded Plugin NUTUnrealEngine4, From C:/Program Files (x86)/Epic Games/4.13/Engine/Plugins/NetcodeUnitTest/NUTUnrealEngine4/NUTUnrealEngine4.uplugin
LogPluginManager: Loaded Plugin OnlineSubsystemGooglePlay, From C:/Program Files (x86)/Epic Games/4.13/Engine/Plugins/Online/Android/OnlineSubsystemGooglePlay/OnlineSubsystemGooglePlay.uplugin
LogPluginManager: Loaded Plugin OnlineSubsystemIOS, From C:/Program Files (x86)/Epic Games/4.13/Engine/Plugins/Online/IOS/OnlineSubsystemIOS/OnlineSubsystemIOS.uplugin
LogPluginManager: Loaded Plugin OnlineFramework, From C:/Program Files (x86)/Epic Games/4.13/Engine/Plugins/Online/OnlineFramework/OnlineFramework.uplugin
LogPluginManager: Loaded Plugin OnlineSubsystem, From C:/Program Files (x86)/Epic Games/4.13/Engine/Plugins/Online/OnlineSubsystem/OnlineSubsystem.uplugin
LogPluginManager: Loaded Plugin OnlineSubsystemAmazon, From C:/Program Files (x86)/Epic Games/4.13/Engine/Plugins/Online/OnlineSubsystemAmazon/OnlineSubsystemAmazon.uplugin
LogPluginManager: Loaded Plugin OnlineSubsystemFacebook, From C:/Program Files (x86)/Epic Games/4.13/Engine/Plugins/Online/OnlineSubsystemFacebook/OnlineSubsystemFacebook.uplugin
LogPluginManager: Loaded Plugin OnlineSubsystemNull, From C:/Program Files (x86)/Epic Games/4.13/Engine/Plugins/Online/OnlineSubsystemNull/OnlineSubsystemNull.uplugin
LogPluginManager: Loaded Plugin OnlineSubsystemOculus, From C:/Program Files (x86)/Epic Games/4.13/Engine/Plugins/Online/OnlineSubsystemOculus/OnlineSubsystemOculus.uplugin
LogPluginManager: Loaded Plugin OnlineSubsystemSteam, From C:/Program Files (x86)/Epic Games/4.13/Engine/Plugins/Online/OnlineSubsystemSteam/OnlineSubsystemSteam.uplugin
LogPluginManager: Loaded Plugin OnlineSubsystemUtils, From C:/Program Files (x86)/Epic Games/4.13/Engine/Plugins/Online/OnlineSubsystemUtils/OnlineSubsystemUtils.uplugin
LogPluginManager: Loaded Plugin IOSTapJoy, From C:/Program Files (x86)/Epic Games/4.13/Engine/Plugins/Runtime/Advertising/IOSTapJoy/IOSTapJoy.uplugin
LogPluginManager: Loaded Plugin AnalyticsBlueprintLibrary, From C:/Program Files (x86)/Epic Games/4.13/Engine/Plugins/Runtime/Analytics/AnalyticsBlueprintLibrary/AnalyticsBlueprintLibrary.uplugin
LogPluginManager: Loaded Plugin AnalyticsMulticast, From C:/Program Files (x86)/Epic Games/4.13/Engine/Plugins/Runtime/Analytics/AnalyticsMulticast/AnalyticsMulticast.uplugin
LogPluginManager: Loaded Plugin Apsalar, From C:/Program Files (x86)/Epic Games/4.13/Engine/Plugins/Runtime/Analytics/Apsalar/Apsalar.uplugin
LogPluginManager: Loaded Plugin FileLogging, From C:/Program Files (x86)/Epic Games/4.13/Engine/Plugins/Runtime/Analytics/FileLogging/FileLogging.uplugin
LogPluginManager: Loaded Plugin Flurry, From C:/Program Files (x86)/Epic Games/4.13/Engine/Plugins/Runtime/Analytics/Flurry/Flurry.uplugin
LogPluginManager: Loaded Plugin AndroidDeviceProfileSelector, From C:/Program Files (x86)/Epic Games/4.13/Engine/Plugins/Runtime/AndroidDeviceProfileSelector/AndroidDeviceProfileSelector.uplugin
LogPluginManager: Loaded Plugin AndroidMoviePlayer, From C:/Program Files (x86)/Epic Games/4.13/Engine/Plugins/Runtime/AndroidMoviePlayer/AndroidMoviePlayer.uplugin
LogPluginManager: Loaded Plugin AppleMoviePlayer, From C:/Program Files (x86)/Epic Games/4.13/Engine/Plugins/Runtime/AppleMoviePlayer/AppleMoviePlayer.uplugin
LogPluginManager: Loaded Plugin ArchVisCharacter, From C:/Program Files (x86)/Epic Games/4.13/Engine/Plugins/Runtime/ArchVisCharacter/ArchVisCharacter.uplugin
LogPluginManager: Loaded Plugin CableComponent, From C:/Program Files (x86)/Epic Games/4.13/Engine/Plugins/Runtime/CableComponent/CableComponent.uplugin
LogPluginManager: Loaded Plugin CustomMeshComponent, From C:/Program Files (x86)/Epic Games/4.13/Engine/Plugins/Runtime/CustomMeshComponent/CustomMeshComponent.uplugin
LogPluginManager: Loaded Plugin ExampleDeviceProfileSelector, From C:/Program Files (x86)/Epic Games/4.13/Engine/Plugins/Runtime/ExampleDeviceProfileSelector/ExampleDeviceProfileSelector.uplugin
LogPluginManager: Loaded Plugin GearVR, From C:/Program Files (x86)/Epic Games/4.13/Engine/Plugins/Runtime/GearVR/GearVR.uplugin
LogPluginManager: Loaded Plugin GoogleVRController, From C:/Program Files (x86)/Epic Games/4.13/Engine/Plugins/Runtime/GoogleVR/GoogleVRController/GoogleVRController.uplugin
LogPluginManager: Loaded Plugin GoogleVRHMD, From C:/Program Files (x86)/Epic Games/4.13/Engine/Plugins/Runtime/GoogleVR/GoogleVRHMD/GoogleVRHMD.uplugin
LogPluginManager: Loaded Plugin IOSDeviceProfileSelector, From C:/Program Files (x86)/Epic Games/4.13/Engine/Plugins/Runtime/IOSDeviceProfileSelector/IOSDeviceProfileSelector.uplugin
LogPluginManager: Loaded Plugin LeapMotion, From C:/Program Files (x86)/Epic Games/4.13/Engine/Plugins/Runtime/LeapMotion/LeapMotion.uplugin
LogPluginManager: Loaded Plugin LinuxDeviceProfileSelector, From C:/Program Files (x86)/Epic Games/4.13/Engine/Plugins/Runtime/LinuxDeviceProfileSelector/LinuxDeviceProfileSelector.uplugin
LogPluginManager: Loaded Plugin LiveEditorListenServer, From C:/Program Files (x86)/Epic Games/4.13/Engine/Plugins/Runtime/LiveEditorListenServer/LiveEditorListenServer.uplugin
LogPluginManager: Loaded Plugin OculusAudio, From C:/Program Files (x86)/Epic Games/4.13/Engine/Plugins/Runtime/OculusAudio/OculusAudio.uplugin
LogPluginManager: Loaded Plugin OculusInput, From C:/Program Files (x86)/Epic Games/4.13/Engine/Plugins/Runtime/OculusInput/OculusInput.uplugin
LogPluginManager: Loaded Plugin OculusLibrary, From C:/Program Files (x86)/Epic Games/4.13/Engine/Plugins/Runtime/OculusLibrary/OculusLibrary.uplugin
LogPluginManager: Loaded Plugin OculusRift, From C:/Program Files (x86)/Epic Games/4.13/Engine/Plugins/Runtime/OculusRift/OculusRift.uplugin
LogPluginManager: Loaded Plugin Oodle, From C:/Program Files (x86)/Epic Games/4.13/Engine/Plugins/Runtime/PacketHandlers/CompressionComponents/Oodle/Oodle.uplugin
LogPluginManager: Loaded Plugin ProceduralMeshComponent, From C:/Program Files (x86)/Epic Games/4.13/Engine/Plugins/Runtime/ProceduralMeshComponent/ProceduralMeshComponent.uplugin
LogPluginManager: Loaded Plugin SoundMod, From C:/Program Files (x86)/Epic Games/4.13/Engine/Plugins/Runtime/SoundMod/SoundMod.uplugin
LogPluginManager: Loaded Plugin SoundVisualizations, From C:/Program Files (x86)/Epic Games/4.13/Engine/Plugins/Runtime/SoundVisualizations/SoundVisualizations.uplugin
LogPluginManager: Loaded Plugin SteamController, From C:/Program Files (x86)/Epic Games/4.13/Engine/Plugins/Runtime/Steam/SteamController/SteamController.uplugin
LogPluginManager: Loaded Plugin SteamVR, From C:/Program Files (x86)/Epic Games/4.13/Engine/Plugins/Runtime/Steam/SteamVR/SteamVR.uplugin
LogPluginManager: Loaded Plugin WebBrowserWidget, From C:/Program Files (x86)/Epic Games/4.13/Engine/Plugins/Runtime/WebBrowserWidget/WebBrowserWidget.uplugin
LogPluginManager: Loaded Plugin WindowsDeviceProfileSelector, From C:/Program Files (x86)/Epic Games/4.13/Engine/Plugins/Runtime/WindowsDeviceProfileSelector/WindowsDeviceProfileSelector.uplugin
LogPluginManager: Loaded Plugin WindowsMoviePlayer, From C:/Program Files (x86)/Epic Games/4.13/Engine/Plugins/Runtime/WindowsMoviePlayer/WindowsMoviePlayer.uplugin
LogPluginManager: Loaded Plugin ScriptPlugin, From C:/Program Files (x86)/Epic Games/4.13/Engine/Plugins/ScriptPlugin/ScriptPlugin.uplugin
LogPluginManager: Loaded Plugin SlateRemote, From C:/Program Files (x86)/Epic Games/4.13/Engine/Plugins/Slate/SlateRemote/SlateRemote.uplugin
LogInit: Using libcurl 7.47.1
LogInit:  - built for x86_64-pc-win32
LogInit:  - supports SSL with WinSSL
LogInit:  - other features:
LogInit:      CURL_VERSION_SSL
LogInit:      CURL_VERSION_IPV6
LogInit:      CURL_VERSION_ASYNCHDNS
LogInit:      CURL_VERSION_LARGEFILE
LogInit:      CURL_VERSION_IDN
LogInit:  CurlRequestOptions (configurable via config and command line):
LogInit:  - bVerifyPeer = false  - Libcurl will NOT verify peer certificate
LogInit:  - bUseHttpProxy = false  - Libcurl will NOT use HTTP proxy
LogInit:  - bDontReuseConnections = false  - Libcurl will reuse connections
LogInit:  - CertBundlePath = nullptr  - Libcurl will use whatever was configured at build time.
OCULUS: Info: [CAPI] LibOVR module is located at C:\Program Files\Oculus\Support\oculus-runtime\LibOVRRT64_1.dll
OCULUS: Debug: Connected to the server running version (prod = 1).1.11.0(build = 335772) feature version = 0. Client runs version (prod = 1).1.11.0(build = 335772) feature version = 0
LogInit: Build: ++UE4+Release-4.13-CL-3172292
LogInit: Engine Version: 4.13.2-3172292+++UE4+Release-4.13
LogInit: Compatible Engine Version: 4.13.0-3106830+++UE4+Release-4.13
LogInit: Net CL: 3172292
LogDevObjectVersion: Number of dev versions registered: 13
LogDevObjectVersion:   Dev-Blueprints (B0D832E4-1F89-4F0D-ACCF-7EB736FD4AA2): 5
LogDevObjectVersion:   Dev-Build (E1C64328-A22C-4D53-A36C-8E866417BD8C): 0
LogDevObjectVersion:   Dev-Core (375EC13C-06E4-48FB-B500-84F0262A717E): 1
LogDevObjectVersion:   Dev-Editor (E4B068ED-F494-42E9-A231-DA0B2E46BB41): 6
LogDevObjectVersion:   Dev-Framework (CFFC743F-43B0-4480-9391-14DF171D2073): 12
LogDevObjectVersion:   Dev-Mobile (B02B49B5-BB20-44E9-A304-32B752E40360): 0
LogDevObjectVersion:   Dev-Networking (A4E4105C-59A1-49B5-A7C5-40C4547EDFEE): 0
LogDevObjectVersion:   Dev-Online (39C831C9-5AE6-47DC-9A44-9C173E1C8E7C): 0
LogDevObjectVersion:   Dev-Physics (78F01B33-EBEA-4F98-B9B4-84EACCB95AA2): 0
LogDevObjectVersion:   Dev-Platform (6631380F-2D4D-43E0-8009-CF276956A95A): 0
LogDevObjectVersion:   Dev-Rendering (12F88B9F-8875-4AFC-A67C-D90C383ABD29): 4
LogDevObjectVersion:   Dev-Sequencer (7B5AE74C-D270-4C10-A958-57980B212A5A): 0
LogDevObjectVersion:   Dev-VR (D7296918-1DD6-4BDD-9DE2-64A83CC13884): 0
LogInit: Compiled (64-bit): Oct 24 2016 14:29:06
LogInit: Compiled with Visual C++: 19.00.23026.00
LogInit: Build Configuration: Development
LogInit: Branch Name: ++UE4+Release-4.13
LogInit: Command line:  
LogInit: Base directory: C:/Program Files (x86)/Epic Games/4.13/Engine/Binaries/Win64/
LogInit: Installed Engine Build: 1
LogInit: Presizing for max 8388607 objects, including 0 objects not considered by GC, pre-allocating 0 bytes for permanent pool.
LogInit: Object subsystem initialized
[2017.02.06-22.21.10:882][  0]LogInit: Selected Device Profile: [Windows]
[2017.02.06-22.21.10:882][  0]LogInit: Applying CVar settings loaded from the selected device profile: [Windows]
[2017.02.06-22.21.10:887][  0]LogInit: Computer: DESKTOP-6N6QN8Q
[2017.02.06-22.21.10:887][  0]LogInit: User: smitd
[2017.02.06-22.21.10:887][  0]LogInit: CPU Page size=65536, Cores=4
[2017.02.06-22.21.10:887][  0]LogInit: High frequency timer resolution =3.914069 MHz
[2017.02.06-22.21.10:887][  0]LogMemory: Memory total: Physical=32.0GB (32GB approx)
[2017.02.06-22.21.10:887][  0]LogMemory: Platform Memory Stats for Windows
[2017.02.06-22.21.10:887][  0]LogMemory: Process Physical Memory: 261.43 MB used, 261.43 MB peak
[2017.02.06-22.21.10:887][  0]LogMemory: Process Virtual Memory: 263.33 MB used, 263.33 MB peak
[2017.02.06-22.21.10:887][  0]LogMemory: Physical Memory: 11101.18 MB used, 32718.89 MB total
[2017.02.06-22.21.10:887][  0]LogMemory: Virtual Memory: 663.25 MB used, 134217728.00 MB total
[2017.02.06-22.21.10:918][  0]LogTextLocalizationManager: No specific translations for ('en-GB') exist, so ('en') translations will be used.
[2017.02.06-22.21.11:611][  0]LogD3D11RHI: D3D11 adapters:
[2017.02.06-22.21.12:007][  0]LogD3D11RHI:    0. 'NVIDIA GeForce GTX 980 Ti' (Feature Level 11_0)
[2017.02.06-22.21.12:007][  0]LogD3D11RHI:       6102/0/16359 MB DedicatedVideo/DedicatedSystem/SharedSystem, Outputs:1, VendorId:0x10de
[2017.02.06-22.21.12:009][  0]LogD3D11RHI:    1. 'Microsoft Basic Render Driver' (Feature Level 11_0)
[2017.02.06-22.21.12:009][  0]LogD3D11RHI:       0/0/16359 MB DedicatedVideo/DedicatedSystem/SharedSystem, Outputs:0, VendorId:0x1414
[2017.02.06-22.21.12:009][  0]LogD3D11RHI: Chosen D3D11 Adapter: 0
[2017.02.06-22.21.12:013][  0]LogD3D11RHI: Creating new Direct3DDevice
[2017.02.06-22.21.12:014][  0]LogD3D11RHI:     GPU DeviceId: 0x17c8 (for the marketing name, search the web for "GPU Device Id")
[2017.02.06-22.21.12:014][  0]LogWindows: EnumDisplayDevices:
[2017.02.06-22.21.12:014][  0]LogWindows:    0. 'NVIDIA GeForce GTX 980 Ti' (P:1 D:1)
[2017.02.06-22.21.12:014][  0]LogWindows:    1. 'NVIDIA GeForce GTX 980 Ti' (P:0 D:0)
[2017.02.06-22.21.12:014][  0]LogWindows:    2. 'NVIDIA GeForce GTX 980 Ti' (P:0 D:0)
[2017.02.06-22.21.12:014][  0]LogWindows:    3. 'NVIDIA GeForce GTX 980 Ti' (P:0 D:0)
[2017.02.06-22.21.12:014][  0]LogWindows: DebugString: FoundDriverCount:4 
[2017.02.06-22.21.12:014][  0]LogD3D11RHI:     Adapter Name: NVIDIA GeForce GTX 980 Ti
[2017.02.06-22.21.12:014][  0]LogD3D11RHI:   Driver Version: 372.70 (internal:21.21.13.7270, unified:372.70)
[2017.02.06-22.21.12:014][  0]LogD3D11RHI:      Driver Date: 8-25-2016
[2017.02.06-22.21.12:014][  0]LogRHI: Texture pool is 1361 MB (70% of 1945 MB)
[2017.02.06-22.21.12:390][  0]LogD3D11RHI: Async texture creation enabled
[2017.02.06-22.21.12:424][  0]LogD3D11RHI: GPU Timing Frequency: 1000.000000 (Debug: 2 2)
[2017.02.06-22.21.12:424][  0]LogShaderCompilers: Guid format shader working directory is 22 characters bigger than the processId version (D:/GitHub/Project_Wyvern/Intermediate/Shaders/WorkingDirectory/4564/).
[2017.02.06-22.21.12:424][  0]LogShaderCompilers: Cleaned the shader compiler working directory 'C:/Users/smitd/AppData/Local/Temp/UnrealShaderWorkingDir/660CC75F4C94843AB633FD88E5ABBB8E/'.
[2017.02.06-22.21.12:424][  0]LogShaderCompilers:Display: Using Local Shader Compiler.
[2017.02.06-22.21.14:407][  0]LogTemp:Display: Loaded TP AllDesktopTargetPlatform
[2017.02.06-22.21.14:412][  0]LogTemp:Display: Loaded TP WindowsClientTargetPlatform
[2017.02.06-22.21.14:418][  0]LogTemp:Display: Loaded TP WindowsNoEditorTargetPlatform
[2017.02.06-22.21.14:424][  0]LogTemp:Display: Loaded TP WindowsServerTargetPlatform
[2017.02.06-22.21.14:430][  0]LogTemp:Display: Loaded TP WindowsTargetPlatform
[2017.02.06-22.21.14:436][  0]LogTemp:Display: Loaded TP AndroidTargetPlatform
[2017.02.06-22.21.14:442][  0]LogTemp:Display: Loaded TP Android_ASTCTargetPlatform
[2017.02.06-22.21.14:447][  0]LogTemp:Display: Loaded TP Android_ATCTargetPlatform
[2017.02.06-22.21.14:452][  0]LogTemp:Display: Loaded TP Android_DXTTargetPlatform
[2017.02.06-22.21.14:457][  0]LogTemp:Display: Loaded TP Android_ETC1TargetPlatform
[2017.02.06-22.21.14:462][  0]LogTemp:Display: Loaded TP Android_ETC2TargetPlatform
[2017.02.06-22.21.14:472][  0]LogTemp:Display: Loaded TP Android_MultiTargetPlatform
[2017.02.06-22.21.14:473][  0]LogTemp:Display: Loaded TP Android_PVRTCTargetPlatform
[2017.02.06-22.21.14:474][  0]LogTemp:Display: Loaded TP HTML5TargetPlatform
[2017.02.06-22.21.14:494][  0]LogTemp:Display: Loaded TP IOSTargetPlatform
[2017.02.06-22.21.14:501][  0]LogTemp:Display: Loaded TP TVOSTargetPlatform
[2017.02.06-22.21.14:507][  0]LogTemp:Display: Loaded TP LinuxClientTargetPlatform
[2017.02.06-22.21.14:512][  0]LogTemp:Display: Loaded TP LinuxNoEditorTargetPlatform
[2017.02.06-22.21.14:517][  0]LogTemp:Display: Loaded TP LinuxServerTargetPlatform
[2017.02.06-22.21.14:522][  0]LogTemp:Display: Loaded TP LinuxTargetPlatform
[2017.02.06-22.21.14:522][  0]LogTargetPlatformManager:Display: Building Assets For Windows
[2017.02.06-22.21.14:590][  0]LogDerivedDataCache:Display: Max Cache Size: 512 MB
[2017.02.06-22.21.14:633][  0]LogDerivedDataCache: Loaded boot cache 0.04s 62MB C:/Users/smitd/AppData/Local/UnrealEngine/4.13/DerivedDataCache/Boot.ddc.
[2017.02.06-22.21.14:633][  0]LogDerivedDataCache:Display: Loaded Boot cache: C:/Users/smitd/AppData/Local/UnrealEngine/4.13/DerivedDataCache/Boot.ddc
[2017.02.06-22.21.14:633][  0]LogDerivedDataCache: FDerivedDataBackendGraph:  Pak pak cache file D:/GitHub/Project_Wyvern/DerivedDataCache/DDC.ddp not found, will not use a pak cache.
[2017.02.06-22.21.14:633][  0]LogDerivedDataCache: Unable to find inner node Pak for hierarchical cache Hierarchy.
[2017.02.06-22.21.14:633][  0]LogDerivedDataCache: FDerivedDataBackendGraph:  CompressedPak pak cache file D:/GitHub/Project_Wyvern/DerivedDataCache/Compressed.ddp not found, will not use a pak cache.
[2017.02.06-22.21.14:633][  0]LogDerivedDataCache: Unable to find inner node CompressedPak for hierarchical cache Hierarchy.
[2017.02.06-22.21.14:646][  0]LogDerivedDataCache:Display: Pak cache opened for reading ../../../Engine/DerivedDataCache/Compressed.ddp.
[2017.02.06-22.21.14:658][  0]LogDerivedDataCache: Using Local data cache path C:/Users/smitd/AppData/Local/UnrealEngine/Common/DerivedDataCache: Writable
[2017.02.06-22.21.14:849][  0]LogInit: Selected Device Profile: [Windows]
[2017.02.06-22.21.14:851][  0]LogContentStreaming: Texture pool size is 0.00 MB
[2017.02.06-22.21.14:916][  0]LogMeshUtilities: No automatic mesh reduction module available
[2017.02.06-22.21.14:916][  0]LogMeshUtilities: No automatic mesh merging module available
[2017.02.06-22.21.14:916][  0]LogMeshUtilities: No distributed automatic mesh merging module available
[2017.02.06-22.21.14:970][  0]LogMaterial: Uniform references updated for custom material expression Custom.
[2017.02.06-22.21.15:223][  0]LogNetVersion: GetLocalNetworkVersion: CL: 3106830, ProjectName: project_wyvern, ProjectVersion: , EngineNetworkVersion: 1, GameNetworkVersion: 0, NetworkChecksum: 4207382889
[2017.02.06-22.21.15:258][  0]LogAssetRegistry: FAssetRegistry took 0.0212 seconds to start up
[2017.02.06-22.21.15:273][  0]LogPackageLocalizationCache: Processed 3 localized package path(s) for 2 prioritized culture(s) in 0.014136 seconds
[2017.02.06-22.21.15:279][  0]LogUObjectArray: 29778 objects as part of root set at end of initial load.
[2017.02.06-22.21.15:279][  0]LogUObjectAllocator: 6125456 out of 0 bytes used by permanent object pool.
[2017.02.06-22.21.15:279][  0]LogUObjectArray: CloseDisregardForGC: 0/0 objects in disregard for GC pool
[2017.02.06-22.21.15:283][  0]LogInit: WinSock: version 1.1 (2.2), MaxSocks=32767, MaxUdp=65467
[2017.02.06-22.21.15:466][  0]LogSlate: SlateFontCache - WITH_FREETYPE: 1, WITH_HARFBUZZ: 1
[2017.02.06-22.21.15:466][  0]LogSlate: SlateFontCache - WITH_FREETYPE: 1, WITH_HARFBUZZ: 1
[2017.02.06-22.21.16:510][  0]LogTcpMessaging: Initializing TcpMessaging bridge
[2017.02.06-22.21.16:527][  0]LogUdpMessaging: Initializing bridge on interface 0.0.0.0:0 to multicast group 230.0.0.1:6666.
[2017.02.06-22.21.16:528][  0]FUdpSocketBuilder: Failed to bind UdpMessageMulticastSocket to 0.0.0.0:6666
[2017.02.06-22.21.16:529][  0]FUdpSocketBuilder: Failed to configure multicast for UdpMessageMulticastSocket (loopback: 1, ttl: 1)
[2017.02.06-22.21.16:529][  0]FUdpSocketBuilder: Failed to create and initialize socket UdpMessageMulticastSocket (last error: 0)
[2017.02.06-22.21.16:529][  0]LogUdpMessaging:Warning: StartTransport failed to create multicast socket on 0.0.0.0:0, joined to 230.0.0.1:6666 with TTL 1
[2017.02.06-22.21.16:720][  0]SourceControl: Info Source control is disabled
[2017.02.06-22.21.25:827][  0]LogEngine: Initializing Engine...
[2017.02.06-22.21.27:346][  0]OCULUS: Info: [HMDState] Requested to SetForegroundWindow(f0ed6ll)
[2017.02.06-22.21.27:347][  0]LogHMD: Failed to initialize OpenVR with code 108
[2017.02.06-22.21.27:347][  0]LogHMD: Oculus plugin initialized. Version: 4.13.2-3172292+++UE4+Release-4.13, LibOVR: 1.11.0, SDK: 1.6.0, built Oct 24 2016, 14:31:11
[2017.02.06-22.21.27:461][  0]OCULUS: Info: [HMDState] Requested to SetForegroundWindow(f0ed6ll)
[2017.02.06-22.21.27:467][  0]LogAIModule: Creating AISystem for world Untitled
[2017.02.06-22.21.27:479][  0]LogInit: XAudio2 using 'Speakers (Realtek High Definition Audio)' : 2 channels at 48 kHz using 32 bits per sample (channel mask 0x3)
[2017.02.06-22.21.27:493][  0]LogInit: FAudioDevice initialized.
[2017.02.06-22.21.27:516][  0]LogDerivedDataCache: Saved boot cache 0.02s 62MB C:/Users/smitd/AppData/Local/UnrealEngine/4.13/DerivedDataCache/Boot.ddc.
[2017.02.06-22.21.27:521][  0]LogInit: Texture streaming: Enabled
[2017.02.06-22.21.27:551][  0]LogInit: Transaction tracking system initialized
[2017.02.06-22.21.27:568][  0]BlueprintLog: New page: Editor Load
[2017.02.06-22.21.28:076][  0]LocalizationService: Info Localization service is disabled
[2017.02.06-22.21.28:145][  0]LogConsoleResponse:Display: 
[2017.02.06-22.21.28:250][  0]OCULUS: Info: [HMDState] Requested to SetForegroundWindow(f0ed6ll)
[2017.02.06-22.21.28:250][  0]LogCook:Display: Max memory allowance for cook 16384mb min free memory 0mb
[2017.02.06-22.21.28:250][  0]LogCook:Display: Mobile HDR setting 1
[2017.02.06-22.21.31:628][  0]LogFileCache: Scanning file cache for directory 'D:/GitHub/Project_Wyvern/Content/' took 0.01s
[2017.02.06-22.21.31:628][  0]Cmd: MAP LOAD FILE="D:/GitHub/Project_Wyvern/Content/ThirdPersonBP/Maps/ThirdPersonExampleMap.umap" TEMPLATE=0 SHOWPROGRESS=1 FEATURELEVEL=3
[2017.02.06-22.21.31:629][  0]LightingResults: New page: Lighting Build
[2017.02.06-22.21.31:630][  0]MapCheck: New page: Map Check
[2017.02.06-22.21.31:630][  0]LightingResults: New page: Lighting Build
[2017.02.06-22.21.31:959][  0]LogAIModule: Creating AISystem for world ThirdPersonExampleMap
[2017.02.06-22.21.31:965][  0]LogEditorServer: Finished looking for orphan Actors (0.000 secs)
[2017.02.06-22.21.31:966][  0]Cmd: MAP CHECKDEP NOCLEARLOG
[2017.02.06-22.21.32:043][  0]MapCheck: Info Map check complete: 0 Error(s), 0 Warning(s), took 77.498ms to complete.
[2017.02.06-22.21.32:043][  0]LogFileHelpers: Loading map 'ThirdPersonExampleMap' took 0.415
[2017.02.06-22.21.32:860][  0]LogCollectionManager: Loaded 0 collections in 0.000987 seconds
[2017.02.06-22.21.32:898][  0]LogFileCache: Scanning file cache for directory 'D:/GitHub/Project_Wyvern/Saved/Collections/' took 0.01s
[2017.02.06-22.21.32:898][  0]LogFileCache: Scanning file cache for directory 'D:/GitHub/Project_Wyvern/Content/Developers/smitd/Collections/' took 0.01s
[2017.02.06-22.21.32:898][  0]LogFileCache: Scanning file cache for directory 'D:/GitHub/Project_Wyvern/Content/Collections/' took 0.01s
[2017.02.06-22.21.32:898][  0]LogCollectionManager: Rebuilt the GUID cache for 0 collections in 0.000002 seconds
[2017.02.06-22.21.32:904][  0]LogContentBrowser: Native class hierarchy populated in 0.0063 seconds. Added 2141 classes and 415 folders.
[2017.02.06-22.21.32:906][  0]LogStats: UGameplayTagsManager::ConstructGameplayTagTree: Construct from data asset -  0.000 s
[2017.02.06-22.21.32:906][  0]LogStats: UGameplayTagsManager::ConstructGameplayTagTree: GameplayTagTreeChangedEvent.Broadcast -  0.000 s
[2017.02.06-22.21.32:907][  0]LogContentBrowser: Native class hierarchy updated for 'GameplayTags' in 0.0003 seconds. Added 12 classes and 0 folders.
[2017.02.06-22.21.32:909][  0]LogContentBrowser: Native class hierarchy updated for 'WidgetCarousel' in 0.0002 seconds. Added 0 classes and 0 folders.
[2017.02.06-22.21.32:962][  0]LogContentBrowser: Native class hierarchy updated for 'AddContentDialog' in 0.0003 seconds. Added 0 classes and 0 folders.
[2017.02.06-22.21.32:966][  0]LogContentBrowser: Native class hierarchy updated for 'SceneOutliner' in 0.0003 seconds. Added 1 classes and 2 folders.
[2017.02.06-22.21.33:005][  0]LogCrashTracker: Crashtracker disabled due to settings.
[2017.02.06-22.21.33:011][  0]LogUObjectGlobals:Warning: Failed to find object 'Class None.'
[2017.02.06-22.21.33:037][  0]LogContentBrowser: Native class hierarchy updated for 'HierarchicalLODOutliner' in 0.0003 seconds. Added 1 classes and 2 folders.
[2017.02.06-22.21.33:037][  0]LogLoad: (Engine Initialization) Total time: 23.33 seconds
[2017.02.06-22.21.33:037][  0]LogLoad: (Engine Initialization) Total Blueprint compile time: 0.10 seconds
[2017.02.06-22.21.33:037][  0]LogExternalProfiler: Found external profiler: VSPerf
[2017.02.06-22.21.33:037][  0]LogExternalProfiler: Using external profiler: VSPerf
[2017.02.06-22.21.33:046][  0]LogWindowsTextInputMethodSystem:Display: IME system now deactivated.
[2017.02.06-22.21.33:047][  0]LogOcInput: OculusInput pre-init called
[2017.02.06-22.21.33:055][  0]LogOcInput: OculusInput is initialized. Init status 0. Runtime version: 1.11.0
[2017.02.06-22.21.33:072][  0]SourceControl: Info On branch master
[2017.02.06-22.21.33:073][  0]SourceControl: Info Your branch is up-to-date with 'origin/master'.
[2017.02.06-22.21.33:073][  0]SourceControl: Info Changes not staged for commit:
[2017.02.06-22.21.33:073][  0]SourceControl: Info   (use "git add <file>..." to update what will be committed)
[2017.02.06-22.21.33:073][  0]SourceControl: Info   (use "git checkout -- <file>..." to discard changes in working directory)
[2017.02.06-22.21.33:073][  0]SourceControl: Info 	modified:   Intermediate/CachedAssetRegistry.bin
[2017.02.06-22.21.33:073][  0]SourceControl: Info 	modified:   Saved/Config/Windows/Editor.ini
[2017.02.06-22.21.33:073][  0]SourceControl: Info 	modified:   Saved/Config/Windows/EditorPerProjectUserSettings.ini
[2017.02.06-22.21.33:073][  0]SourceControl: Info 	modified:   Saved/Logs/Project_Wyvern.log
[2017.02.06-22.21.33:073][  0]SourceControl: Info no changes added to commit (use "git add" and/or "git commit -a")
[2017.02.06-22.21.33:073][  0]LogContentStreaming: Texture pool size now 1000 MB
[2017.02.06-22.21.33:190][  0]LogRenderer: Reallocating scene render targets to support 1448x760 (Frame:2).
[2017.02.06-22.21.33:235][  1]LogAssetRegistry: Asset discovery search completed in 17.9988 seconds
[2017.02.06-22.21.33:235][  1]LogCollectionManager: Rebuilt the object cache for 0 collections in 0.000001 seconds (found 0 objects)
[2017.02.06-22.21.33:236][  1]LogCollectionManager: Fixed up redirectors for 0 collections in 0.000024 seconds (updated 0 objects)
[2017.02.06-22.21.33:300][  5]OCULUS: Info: [HMDState] Requested to SetF