Log file open, 02/06/17 22:01:35
LogInit:Display: Running engine for game: Project_Wyvern
LogPlatformFile: Not using cached read wrapper
LogInit:Display: RandInit(-1203288353) SRandInit(-1203288353).
LogTaskGraph: Started task graph with 5 named threads and 8 total threads with 1 sets of task threads.
LogStats: Stats thread started at 0.073232
LogPluginManager: Loaded Plugin Paper2D, From C:/Program Files (x86)/Epic Games/4.13/Engine/Plugins/2D/Paper2D/Paper2D.uplugin
LogPluginManager: Loaded Plugin LightPropagationVolume, From C:/Program Files (x86)/Epic Games/4.13/Engine/Plugins/Blendables/LightPropagationVolume/LightPropagationVolume.uplugin
LogPluginManager: Loaded Plugin BlankPlugin, From C:/Program Files (x86)/Epic Games/4.13/Engine/Plugins/Developer/BlankPlugin/BlankPlugin.uplugin
LogPluginManager: Loaded Plugin CodeLiteSourceCodeAccess, From C:/Program Files (x86)/Epic Games/4.13/Engine/Plugins/Developer/CodeLiteSourceCodeAccess/CodeLiteSourceCodeAccess.uplugin
LogPluginManager: Loaded Plugin GitSourceControl, From C:/Program Files (x86)/Epic Games/4.13/Engine/Plugins/Developer/GitSourceControl/GitSourceControl.uplugin
LogPluginManager: Loaded Plugin KDevelopSourceCodeAccess, From C:/Program Files (x86)/Epic Games/4.13/Engine/Plugins/Developer/KDevelopSourceCodeAccess/KDevelopSourceCodeAccess.uplugin
LogPluginManager: Loaded Plugin NullSourceCodeAccess, From C:/Program Files (x86)/Epic Games/4.13/Engine/Plugins/Developer/NullSourceCodeAccess/NullSourceCodeAccess.uplugin
LogPluginManager: Loaded Plugin OneSkyLocalizationService, From C:/Program Files (x86)/Epic Games/4.13/Engine/Plugins/Developer/OneSkyLocalizationService/OneSkyLocalizationService.uplugin
LogPluginManager: Loaded Plugin PerforceSourceControl, From C:/Program Files (x86)/Epic Games/4.13/Engine/Plugins/Developer/PerforceSourceControl/PerforceSourceControl.uplugin
LogPluginManager: Loaded Plugin SubversionSourceControl, From C:/Program Files (x86)/Epic Games/4.13/Engine/Plugins/Developer/SubversionSourceControl/SubversionSourceControl.uplugin
LogPluginManager: Loaded Plugin UObjectPlugin, From C:/Program Files (x86)/Epic Games/4.13/Engine/Plugins/Developer/UObjectPlugin/UObjectPlugin.uplugin
LogPluginManager: Loaded Plugin VisualStudioSourceCodeAccess, From C:/Program Files (x86)/Epic Games/4.13/Engine/Plugins/Developer/VisualStudioSourceCodeAccess/VisualStudioSourceCodeAccess.uplugin
LogPluginManager: Loaded Plugin XCodeSourceCodeAccess, From C:/Program Files (x86)/Epic Games/4.13/Engine/Plugins/Developer/XCodeSourceCodeAccess/XCodeSourceCodeAccess.uplugin
LogPluginManager: Loaded Plugin EpicSurvey, From C:/Program Files (x86)/Epic Games/4.13/Engine/Plugins/Editor/EpicSurvey/EpicSurvey.uplugin
LogPluginManager: Loaded Plugin MacGraphicsSwitching, From C:/Program Files (x86)/Epic Games/4.13/Engine/Plugins/Editor/MacGraphicsSwitching/MacGraphicsSwitching.uplugin
LogPluginManager: Loaded Plugin MobileLauncherProfileWizard, From C:/Program Files (x86)/Epic Games/4.13/Engine/Plugins/Editor/MobileLauncherProfileWizard/MobileLauncherProfileWizard.uplugin
LogPluginManager: Loaded Plugin PluginBrowser, From C:/Program Files (x86)/Epic Games/4.13/Engine/Plugins/Editor/PluginBrowser/PluginBrowser.uplugin
LogPluginManager: Loaded Plugin SpeedTreeImporter, From C:/Program Files (x86)/Epic Games/4.13/Engine/Plugins/Editor/SpeedTreeImporter/SpeedTreeImporter.uplugin
LogPluginManager: Loaded Plugin SuperSearchEditor, From C:/Program Files (x86)/Epic Games/4.13/Engine/Plugins/Editor/SuperSearchEditor/SuperSearchEditor.uplugin
LogPluginManager: Loaded Plugin AlembicImporter, From C:/Program Files (x86)/Epic Games/4.13/Engine/Plugins/Experimental/AlembicImporter/AlembicImporter.uplugin
LogPluginManager: Loaded Plugin BlueprintStats, From C:/Program Files (x86)/Epic Games/4.13/Engine/Plugins/Experimental/BlueprintStats/BlueprintStats.uplugin
LogPluginManager: Loaded Plugin CharacterAI, From C:/Program Files (x86)/Epic Games/4.13/Engine/Plugins/Experimental/CharacterAI/CharacterAI.uplugin
LogPluginManager: Loaded Plugin CodeEditor, From C:/Program Files (x86)/Epic Games/4.13/Engine/Plugins/Experimental/CodeEditor/CodeEditor.uplugin
LogPluginManager: Loaded Plugin CodeView, From C:/Program Files (x86)/Epic Games/4.13/Engine/Plugins/Experimental/CodeView/CodeView.uplugin
LogPluginManager: Loaded Plugin HTML5Networking, From C:/Program Files (x86)/Epic Games/4.13/Engine/Plugins/Experimental/HTML5Networking/HTML5Networking.uplugin
LogPluginManager: Loaded Plugin LiveEditor, From C:/Program Files (x86)/Epic Games/4.13/Engine/Plugins/Experimental/LiveEditor/LiveEditor.uplugin
LogPluginManager: Loaded Plugin OSVR, From C:/Program Files (x86)/Epic Games/4.13/Engine/Plugins/Experimental/OSVR/OSVR.uplugin
LogPluginManager: Loaded Plugin Phya, From C:/Program Files (x86)/Epic Games/4.13/Engine/Plugins/Experimental/Phya/Phya.uplugin
LogPluginManager: Loaded Plugin SignificanceManager, From C:/Program Files (x86)/Epic Games/4.13/Engine/Plugins/Experimental/SignificanceManager/SignificanceManager.uplugin
LogPluginManager: Loaded Plugin SimpleHMD, From C:/Program Files (x86)/Epic Games/4.13/Engine/Plugins/Experimental/SimpleHMD/SimpleHMD.uplugin
LogPluginManager: Loaded Plugin StereoPanorama, From C:/Program Files (x86)/Epic Games/4.13/Engine/Plugins/Experimental/StereoPanorama/StereoPanorama.uplugin
LogPluginManager: Loaded Plugin StructBox, From C:/Program Files (x86)/Epic Games/4.13/Engine/Plugins/Experimental/StructBox/StructBox.uplugin
LogPluginManager: Loaded Plugin Substance, From C:/Program Files (x86)/Epic Games/4.13/Engine/Plugins/Marketplace/Substance/Substance.uplugin
LogPluginManager: Loaded Plugin AndroidMedia, From C:/Program Files (x86)/Epic Games/4.13/Engine/Plugins/Media/AndroidMedia/AndroidMedia.uplugin
LogPluginManager: Loaded Plugin AvfMedia, From C:/Program Files (x86)/Epic Games/4.13/Engine/Plugins/Media/AvfMedia/AvfMedia.uplugin
LogPluginManager: Loaded Plugin MediaPlayerEditor, From C:/Program Files (x86)/Epic Games/4.13/Engine/Plugins/Media/MediaPlayerEditor/MediaPlayerEditor.uplugin
LogPluginManager: Loaded Plugin WmfMedia, From C:/Program Files (x86)/Epic Games/4.13/Engine/Plugins/Media/WmfMedia/WmfMedia.uplugin
LogPluginManager: Loaded Plugin MessagingDebugger, From C:/Program Files (x86)/Epic Games/4.13/Engine/Plugins/Messaging/MessagingDebugger/MessagingDebugger.uplugin
LogPluginManager: Loaded Plugin TcpMessaging, From C:/Program Files (x86)/Epic Games/4.13/Engine/Plugins/Messaging/TcpMessaging/TcpMessaging.uplugin
LogPluginManager: Loaded Plugin UdpMessaging, From C:/Program Files (x86)/Epic Games/4.13/Engine/Plugins/Messaging/UdpMessaging/UdpMessaging.uplugin
LogPluginManager: Loaded Plugin LevelSequenceEditor, From C:/Program Files (x86)/Epic Games/4.13/Engine/Plugins/MovieScene/LevelSequenceEditor/LevelSequenceEditor.uplugin
LogPluginManager: Loaded Plugin MatineeToLevelSequence, From C:/Program Files (x86)/Epic Games/4.13/Engine/Plugins/MovieScene/MatineeToLevelSequence/MatineeToLevelSequence.uplugin
LogPluginManager: Loaded Plugin NetcodeUnitTest, From C:/Program Files (x86)/Epic Games/4.13/Engine/Plugins/NetcodeUnitTest/NetcodeUnitTest/NetcodeUnitTest.uplugin
LogPluginManager: Loaded Plugin NUTUnrealEngine4, From C:/Program Files (x86)/Epic Games/4.13/Engine/Plugins/NetcodeUnitTest/NUTUnrealEngine4/NUTUnrealEngine4.uplugin
LogPluginManager: Loaded Plugin OnlineSubsystemGooglePlay, From C:/Program Files (x86)/Epic Games/4.13/Engine/Plugins/Online/Android/OnlineSubsystemGooglePlay/OnlineSubsystemGooglePlay.uplugin
LogPluginManager: Loaded Plugin OnlineSubsystemIOS, From C:/Program Files (x86)/Epic Games/4.13/Engine/Plugins/Online/IOS/OnlineSubsystemIOS/OnlineSubsystemIOS.uplugin
LogPluginManager: Loaded Plugin OnlineFramework, From C:/Program Files (x86)/Epic Games/4.13/Engine/Plugins/Online/OnlineFramework/OnlineFramework.uplugin
LogPluginManager: Loaded Plugin OnlineSubsystem, From C:/Program Files (x86)/Epic Games/4.13/Engine/Plugins/Online/OnlineSubsystem/OnlineSubsystem.uplugin
LogPluginManager: Loaded Plugin OnlineSubsystemAmazon, From C:/Program Files (x86)/Epic Games/4.13/Engine/Plugins/Online/OnlineSubsystemAmazon/OnlineSubsystemAmazon.uplugin
LogPluginManager: Loaded Plugin OnlineSubsystemFacebook, From C:/Program Files (x86)/Epic Games/4.13/Engine/Plugins/Online/OnlineSubsystemFacebook/OnlineSubsystemFacebook.uplugin
LogPluginManager: Loaded Plugin OnlineSubsystemNull, From C:/Program Files (x86)/Epic Games/4.13/Engine/Plugins/Online/OnlineSubsystemNull/OnlineSubsystemNull.uplugin
LogPluginManager: Loaded Plugin OnlineSubsystemOculus, From C:/Program Files (x86)/Epic Games/4.13/Engine/Plugins/Online/OnlineSubsystemOculus/OnlineSubsystemOculus.uplugin
LogPluginManager: Loaded Plugin OnlineSubsystemSteam, From C:/Program Files (x86)/Epic Games/4.13/Engine/Plugins/Online/OnlineSubsystemSteam/OnlineSubsystemSteam.uplugin
LogPluginManager: Loaded Plugin OnlineSubsystemUtils, From C:/Program Files (x86)/Epic Games/4.13/Engine/Plugins/Online/OnlineSubsystemUtils/OnlineSubsystemUtils.uplugin
LogPluginManager: Loaded Plugin IOSTapJoy, From C:/Program Files (x86)/Epic Games/4.13/Engine/Plugins/Runtime/Advertising/IOSTapJoy/IOSTapJoy.uplugin
LogPluginManager: Loaded Plugin AnalyticsBlueprintLibrary, From C:/Program Files (x86)/Epic Games/4.13/Engine/Plugins/Runtime/Analytics/AnalyticsBlueprintLibrary/AnalyticsBlueprintLibrary.uplugin
LogPluginManager: Loaded Plugin AnalyticsMulticast, From C:/Program Files (x86)/Epic Games/4.13/Engine/Plugins/Runtime/Analytics/AnalyticsMulticast/AnalyticsMulticast.uplugin
LogPluginManager: Loaded Plugin Apsalar, From C:/Program Files (x86)/Epic Games/4.13/Engine/Plugins/Runtime/Analytics/Apsalar/Apsalar.uplugin
LogPluginManager: Loaded Plugin FileLogging, From C:/Program Files (x86)/Epic Games/4.13/Engine/Plugins/Runtime/Analytics/FileLogging/FileLogging.uplugin
LogPluginManager: Loaded Plugin Flurry, From C:/Program Files (x86)/Epic Games/4.13/Engine/Plugins/Runtime/Analytics/Flurry/Flurry.uplugin
LogPluginManager: Loaded Plugin AndroidDeviceProfileSelector, From C:/Program Files (x86)/Epic Games/4.13/Engine/Plugins/Runtime/AndroidDeviceProfileSelector/AndroidDeviceProfileSelector.uplugin
LogPluginManager: Loaded Plugin AndroidMoviePlayer, From C:/Program Files (x86)/Epic Games/4.13/Engine/Plugins/Runtime/AndroidMoviePlayer/AndroidMoviePlayer.uplugin
LogPluginManager: Loaded Plugin AppleMoviePlayer, From C:/Program Files (x86)/Epic Games/4.13/Engine/Plugins/Runtime/AppleMoviePlayer/AppleMoviePlayer.uplugin
LogPluginManager: Loaded Plugin ArchVisCharacter, From C:/Program Files (x86)/Epic Games/4.13/Engine/Plugins/Runtime/ArchVisCharacter/ArchVisCharacter.uplugin
LogPluginManager: Loaded Plugin CableComponent, From C:/Program Files (x86)/Epic Games/4.13/Engine/Plugins/Runtime/CableComponent/CableComponent.uplugin
LogPluginManager: Loaded Plugin CustomMeshComponent, From C:/Program Files (x86)/Epic Games/4.13/Engine/Plugins/Runtime/CustomMeshComponent/CustomMeshComponent.uplugin
LogPluginManager: Loaded Plugin ExampleDeviceProfileSelector, From C:/Program Files (x86)/Epic Games/4.13/Engine/Plugins/Runtime/ExampleDeviceProfileSelector/ExampleDeviceProfileSelector.uplugin
LogPluginManager: Loaded Plugin GearVR, From C:/Program Files (x86)/Epic Games/4.13/Engine/Plugins/Runtime/GearVR/GearVR.uplugin
LogPluginManager: Loaded Plugin GoogleVRController, From C:/Program Files (x86)/Epic Games/4.13/Engine/Plugins/Runtime/GoogleVR/GoogleVRController/GoogleVRController.uplugin
LogPluginManager: Loaded Plugin GoogleVRHMD, From C:/Program Files (x86)/Epic Games/4.13/Engine/Plugins/Runtime/GoogleVR/GoogleVRHMD/GoogleVRHMD.uplugin
LogPluginManager: Loaded Plugin IOSDeviceProfileSelector, From C:/Program Files (x86)/Epic Games/4.13/Engine/Plugins/Runtime/IOSDeviceProfileSelector/IOSDeviceProfileSelector.uplugin
LogPluginManager: Loaded Plugin LeapMotion, From C:/Program Files (x86)/Epic Games/4.13/Engine/Plugins/Runtime/LeapMotion/LeapMotion.uplugin
LogPluginManager: Loaded Plugin LinuxDeviceProfileSelector, From C:/Program Files (x86)/Epic Games/4.13/Engine/Plugins/Runtime/LinuxDeviceProfileSelector/LinuxDeviceProfileSelector.uplugin
LogPluginManager: Loaded Plugin LiveEditorListenServer, From C:/Program Files (x86)/Epic Games/4.13/Engine/Plugins/Runtime/LiveEditorListenServer/LiveEditorListenServer.uplugin
LogPluginManager: Loaded Plugin OculusAudio, From C:/Program Files (x86)/Epic Games/4.13/Engine/Plugins/Runtime/OculusAudio/OculusAudio.uplugin
LogPluginManager: Loaded Plugin OculusInput, From C:/Program Files (x86)/Epic Games/4.13/Engine/Plugins/Runtime/OculusInput/OculusInput.uplugin
LogPluginManager: Loaded Plugin OculusLibrary, From C:/Program Files (x86)/Epic Games/4.13/Engine/Plugins/Runtime/OculusLibrary/OculusLibrary.uplugin
LogPluginManager: Loaded Plugin OculusRift, From C:/Program Files (x86)/Epic Games/4.13/Engine/Plugins/Runtime/OculusRift/OculusRift.uplugin
LogPluginManager: Loaded Plugin Oodle, From C:/Program Files (x86)/Epic Games/4.13/Engine/Plugins/Runtime/PacketHandlers/CompressionComponents/Oodle/Oodle.uplugin
LogPluginManager: Loaded Plugin ProceduralMeshComponent, From C:/Program Files (x86)/Epic Games/4.13/Engine/Plugins/Runtime/ProceduralMeshComponent/ProceduralMeshComponent.uplugin
LogPluginManager: Loaded Plugin SoundMod, From C:/Program Files (x86)/Epic Games/4.13/Engine/Plugins/Runtime/SoundMod/SoundMod.uplugin
LogPluginManager: Loaded Plugin SoundVisualizations, From C:/Program Files (x86)/Epic Games/4.13/Engine/Plugins/Runtime/SoundVisualizations/SoundVisualizations.uplugin
LogPluginManager: Loaded Plugin SteamController, From C:/Program Files (x86)/Epic Games/4.13/Engine/Plugins/Runtime/Steam/SteamController/SteamController.uplugin
LogPluginManager: Loaded Plugin SteamVR, From C:/Program Files (x86)/Epic Games/4.13/Engine/Plugins/Runtime/Steam/SteamVR/SteamVR.uplugin
LogPluginManager: Loaded Plugin WebBrowserWidget, From C:/Program Files (x86)/Epic Games/4.13/Engine/Plugins/Runtime/WebBrowserWidget/WebBrowserWidget.uplugin
LogPluginManager: Loaded Plugin WindowsDeviceProfileSelector, From C:/Program Files (x86)/Epic Games/4.13/Engine/Plugins/Runtime/WindowsDeviceProfileSelector/WindowsDeviceProfileSelector.uplugin
LogPluginManager: Loaded Plugin WindowsMoviePlayer, From C:/Program Files (x86)/Epic Games/4.13/Engine/Plugins/Runtime/WindowsMoviePlayer/WindowsMoviePlayer.uplugin
LogPluginManager: Loaded Plugin ScriptPlugin, From C:/Program Files (x86)/Epic Games/4.13/Engine/Plugins/ScriptPlugin/ScriptPlugin.uplugin
LogPluginManager: Loaded Plugin SlateRemote, From C:/Program Files (x86)/Epic Games/4.13/Engine/Plugins/Slate/SlateRemote/SlateRemote.uplugin
LogPluginManager: Loaded Plugin GitPush, From C:/Users/MET-PC/Desktop/Project_Wyvern/Plugins/GitPush/GitPush.uplugin
LogModuleManager:Warning: Found module file ../../../../../../Users/MET-PC/Desktop/Project_Wyvern/Plugins/GitPush/Binaries/Win64/UE4Editor-GitPush.dll (API version 2758231), but it was incompatible with the current engine API version (3106830). This is likely a stale module that must be recompiled.
LogInit: Using libcurl 7.47.1
LogInit:  - built for x86_64-pc-win32
LogInit:  - supports SSL with WinSSL
LogInit:  - other features:
LogInit:      CURL_VERSION_SSL
LogInit:      CURL_VERSION_IPV6
LogInit:      CURL_VERSION_ASYNCHDNS
LogInit:      CURL_VERSION_LARGEFILE
LogInit:      CURL_VERSION_IDN
LogInit:  CurlRequestOptions (configurable via config and command line):
LogInit:  - bVerifyPeer = false  - Libcurl will NOT verify peer certificate
LogInit:  - bUseHttpProxy = false  - Libcurl will NOT use HTTP proxy
LogInit:  - bDontReuseConnections = false  - Libcurl will reuse connections
LogInit:  - CertBundlePath = nullptr  - Libcurl will use whatever was configured at build time.
LogInit: Build: ++UE4+Release-4.13-CL-3172292
LogInit: Engine Version: 4.13.2-3172292+++UE4+Release-4.13
LogInit: Compatible Engine Version: 4.13.0-3106830+++UE4+Release-4.13
LogInit: Net CL: 3172292
LogDevObjectVersion: Number of dev versions registered: 13
LogDevObjectVersion:   Dev-Blueprints (B0D832E4-1F89-4F0D-ACCF-7EB736FD4AA2): 5
LogDevObjectVersion:   Dev-Build (E1C64328-A22C-4D53-A36C-8E866417BD8C): 0
LogDevObjectVersion:   Dev-Core (375EC13C-06E4-48FB-B500-84F0262A717E): 1
LogDevObjectVersion:   Dev-Editor (E4B068ED-F494-42E9-A231-DA0B2E46BB41): 6
LogDevObjectVersion:   Dev-Framework (CFFC743F-43B0-4480-9391-14DF171D2073): 12
LogDevObjectVersion:   Dev-Mobile (B02B49B5-BB20-44E9-A304-32B752E40360): 0
LogDevObjectVersion:   Dev-Networking (A4E4105C-59A1-49B5-A7C5-40C4547EDFEE): 0
LogDevObjectVersion:   Dev-Online (39C831C9-5AE6-47DC-9A44-9C173E1C8E7C): 0
LogDevObjectVersion:   Dev-Physics (78F01B33-EBEA-4F98-B9B4-84EACCB95AA2): 0
LogDevObjectVersion:   Dev-Platform (6631380F-2D4D-43E0-8009-CF276956A95A): 0
LogDevObjectVersion:   Dev-Rendering (12F88B9F-8875-4AFC-A67C-D90C383ABD29): 4
LogDevObjectVersion:   Dev-Sequencer (7B5AE74C-D270-4C10-A958-57980B212A5A): 0
LogDevObjectVersion:   Dev-VR (D7296918-1DD6-4BDD-9DE2-64A83CC13884): 0
LogInit: Compiled (64-bit): Oct 24 2016 14:29:06
LogInit: Compiled with Visual C++: 19.00.23026.00
LogInit: Build Configuration: Development
LogInit: Branch Name: ++UE4+Release-4.13
LogInit: Command line:  
LogInit: Base directory: C:/Program Files (x86)/Epic Games/4.13/Engine/Binaries/Win64/
LogInit: Installed Engine Build: 1
LogInit: Presizing for max 8388607 objects, including 0 objects not considered by GC, pre-allocating 0 bytes for permanent pool.
LogInit: Object subsystem initialized
[2017.02.06-22.01.37:570][  0]LogInit: Selected Device Profile: [Windows]
[2017.02.06-22.01.37:570][  0]LogInit: Applying CVar settings loaded from the selected device profile: [Windows]
[2017.02.06-22.01.37:578][  0]LogInit: Computer: MET-PC
[2017.02.06-22.01.37:578][  0]LogInit: User: METPC
[2017.02.06-22.01.37:578][  0]LogInit: CPU Page size=65536, Cores=4
[2017.02.06-22.01.37:579][  0]LogInit: High frequency timer resolution =3.125020 MHz
[2017.02.06-22.01.37:579][  0]LogMemory: Memory total: Physical=16.0GB (16GB approx)
[2017.02.06-22.01.37:579][  0]LogMemory: Platform Memory Stats for Windows
[2017.02.06-22.01.37:579][  0]LogMemory: Process Physical Memory: 257.89 MB used, 257.89 MB peak
[2017.02.06-22.01.37:579][  0]LogMemory: Process Virtual Memory: 260.01 MB used, 260.01 MB peak
[2017.02.06-22.01.37:579][  0]LogMemory: Physical Memory: 6812.64 MB used, 16334.94 MB total
[2017.02.06-22.01.37:579][  0]LogMemory: Virtual Memory: 642.09 MB used, 134217728.00 MB total
[2017.02.06-22.01.37:606][  0]LogTextLocalizationManager: No specific translations for ('en-GB') exist, so ('en') translations will be used.
[2017.02.06-22.01.38:236][  0]LogD3D11RHI: D3D11 adapters:
[2017.02.06-22.01.38:764][  0]LogD3D11RHI:    0. 'NVIDIA GeForce GTX 1070' (Feature Level 11_0)
[2017.02.06-22.01.38:764][  0]LogD3D11RHI:       8145/0/8167 MB DedicatedVideo/DedicatedSystem/SharedSystem, Outputs:2, VendorId:0x10de
[2017.02.06-22.01.38:765][  0]LogD3D11RHI:    1. 'Microsoft Basic Render Driver' (Feature Level 11_0)
[2017.02.06-22.01.38:765][  0]LogD3D11RHI:       0/0/8167 MB DedicatedVideo/DedicatedSystem/SharedSystem, Outputs:0, VendorId:0x1414
[2017.02.06-22.01.38:765][  0]LogD3D11RHI: Chosen D3D11 Adapter: 0
[2017.02.06-22.01.38:770][  0]LogD3D11RHI: Creating new Direct3DDevice
[2017.02.06-22.01.38:770][  0]LogD3D11RHI:     GPU DeviceId: 0x1b81 (for the marketing name, search the web for "GPU Device Id")
[2017.02.06-22.01.38:770][  0]LogWindows: EnumDisplayDevices:
[2017.02.06-22.01.38:770][  0]LogWindows:    0. 'NVIDIA GeForce GTX 1070' (P:1 D:1)
[2017.02.06-22.01.38:770][  0]LogWindows:    1. 'NVIDIA GeForce GTX 1070' (P:0 D:1)
[2017.02.06-22.01.38:770][  0]LogWindows:    2. 'NVIDIA GeForce GTX 1070' (P:0 D:0)
[2017.02.06-22.01.38:771][  0]LogWindows:    3. 'NVIDIA GeForce GTX 1070' (P:0 D:0)
[2017.02.06-22.01.38:771][  0]LogWindows: DebugString: FoundDriverCount:4 
[2017.02.06-22.01.38:771][  0]LogD3D11RHI:     Adapter Name: NVIDIA GeForce GTX 1070
[2017.02.06-22.01.38:771][  0]LogD3D11RHI:   Driver Version: 376.19 (internal:21.21.13.7619, unified:376.19)
[2017.02.06-22.01.38:771][  0]LogD3D11RHI:      Driver Date: 12-1-2016
[2017.02.06-22.01.38:771][  0]LogRHI: Texture pool is 1361 MB (70% of 1945 MB)
[2017.02.06-22.01.39:289][  0]LogD3D11RHI: Async texture creation enabled
[2017.02.06-22.01.39:323][  0]LogD3D11RHI: GPU Timing Frequency: 1000.000000 (Debug: 2 1)
[2017.02.06-22.01.39:324][  0]LogShaderCompilers: Guid format shader working directory is -7 characters bigger than the processId version (../../../../../../Users/MET-PC/Desktop/Project_Wyvern/Intermediate/Shaders/WorkingDirectory/12424/).
[2017.02.06-22.01.39:324][  0]LogShaderCompilers: Cleaned the shader compiler working directory 'C:/Users/MET-PC/AppData/Local/Temp/UnrealShaderWorkingDir/B8EE63824DA06A00F974E7BA132320A4/'.
[2017.02.06-22.01.39:324][  0]LogShaderCompilers:Display: Using Local Shader Compiler.
[2017.02.06-22.01.40:336][  0]LogTemp:Display: Loaded TP AllDesktopTargetPlatform
[2017.02.06-22.01.40:344][  0]LogTemp:Display: Loaded TP WindowsClientTargetPlatform
[2017.02.06-22.01.40:352][  0]LogTemp:Display: Loaded TP WindowsNoEditorTargetPlatform
[2017.02.06-22.01.40:362][  0]LogTemp:Display: Loaded TP WindowsServerTargetPlatform
[2017.02.06-22.01.40:369][  0]LogTemp:Display: Loaded TP WindowsTargetPlatform
[2017.02.06-22.01.40:377][  0]LogTemp:Display: Loaded TP AndroidTargetPlatform
[2017.02.06-22.01.40:384][  0]LogTemp:Display: Loaded TP Android_ASTCTargetPlatform
[2017.02.06-22.01.40:391][  0]LogTemp:Display: Loaded TP Android_ATCTargetPlatform
[2017.02.06-22.01.40:403][  0]LogTemp:Display: Loaded TP Android_DXTTargetPlatform
[2017.02.06-22.01.40:410][  0]LogTemp:Display: Loaded TP Android_ETC1TargetPlatform
[2017.02.06-22.01.40:417][  0]LogTemp:Display: Loaded TP Android_ETC2TargetPlatform
[2017.02.06-22.01.40:431][  0]LogTemp:Display: Loaded TP Android_MultiTargetPlatform
[2017.02.06-22.01.40:431][  0]LogTemp:Display: Loaded TP Android_PVRTCTargetPlatform
[2017.02.06-22.01.40:432][  0]LogTemp:Display: Loaded TP HTML5TargetPlatform
[2017.02.06-22.01.40:452][  0]LogTemp:Display: Loaded TP IOSTargetPlatform
[2017.02.06-22.01.40:459][  0]LogTemp:Display: Loaded TP TVOSTargetPlatform
[2017.02.06-22.01.40:467][  0]LogTemp:Display: Loaded TP LinuxClientTargetPlatform
[2017.02.06-22.01.40:474][  0]LogTemp:Display: Loaded TP LinuxNoEditorTargetPlatform
[2017.02.06-22.01.40:481][  0]LogTemp:Display: Loaded TP LinuxServerTargetPlatform
[2017.02.06-22.01.40:488][  0]LogTemp:Display: Loaded TP LinuxTargetPlatform
[2017.02.06-22.01.40:488][  0]LogTargetPlatformManager:Display: Building Assets For Windows
[2017.02.06-22.01.40:552][  0]LogDerivedDataCache:Display: Max Cache Size: 512 MB
[2017.02.06-22.01.40:613][  0]LogDerivedDataCache: Loaded boot cache 0.06s 62MB C:/Users/MET-PC/AppData/Local/UnrealEngine/4.13/DerivedDataCache/Boot.ddc.
[2017.02.06-22.01.40:613][  0]LogDerivedDataCache:Display: Loaded Boot cache: C:/Users/MET-PC/AppData/Local/UnrealEngine/4.13/DerivedDataCache/Boot.ddc
[2017.02.06-22.01.40:613][  0]LogDerivedDataCache: FDerivedDataBackendGraph:  Pak pak cache file ../../../../../../Users/MET-PC/Desktop/Project_Wyvern/DerivedDataCache/DDC.ddp not found, will not use a pak cache.
[2017.02.06-22.01.40:613][  0]LogDerivedDataCache: Unable to find inner node Pak for hierarchical cache Hierarchy.
[2017.02.06-22.01.40:613][  0]LogDerivedDataCache: FDerivedDataBackendGraph:  CompressedPak pak cache file ../../../../../../Users/MET-PC/Desktop/Project_Wyvern/DerivedDataCache/Compressed.ddp not found, will not use a pak cache.
[2017.02.06-22.01.40:613][  0]LogDerivedDataCache: Unable to find inner node CompressedPak for hierarchical cache Hierarchy.
[2017.02.06-22.01.40:633][  0]LogDerivedDataCache:Display: Pak cache opened for reading ../../../Engine/DerivedDataCache/Compressed.ddp.
[2017.02.06-22.01.40:645][  0]LogDerivedDataCache: Using Local data cache path C:/Users/MET-PC/AppData/Local/UnrealEngine/Common/DerivedDataCache: Writable
[2017.02.06-22.01.40:696][  0]LogModuleManager:Warning: Found module file ../../../../../../Users/MET-PC/Desktop/Project_Wyvern/Plugins/GitPush/Binaries/Win64/UE4Editor-GitPush.dll (API version 2758231), but it was incompatible with the current engine API version (3106830). This is likely a stale module that must be recompiled.
[2017.02.06-22.01.40:885][  0]LogInit: Selected Device Profile: [Windows]
[2017.02.06-22.01.40:889][  0]LogContentStreaming: Texture pool size is 0.00 MB
[2017.02.06-22.01.40:984][  0]LogMeshUtilities: No automatic mesh reduction module available
[2017.02.06-22.01.40:984][  0]LogMeshUtilities: No automatic mesh merging module available
[2017.02.06-22.01.40:984][  0]LogMeshUtilities: No distributed automatic mesh merging module available
[2017.02.06-22.01.41:065][  0]LogMaterial: Uniform references updated for custom material expression Custom.
[2017.02.06-22.01.41:352][  0]LogNetVersion: GetLocalNetworkVersion: CL: 3106830, ProjectName: project_wyvern, ProjectVersion: , EngineNetworkVersion: 1, GameNetworkVersion: 0, NetworkChecksum: 4207382889
[2017.02.06-22.01.41:391][  0]LogAssetRegistry: FAssetRegistry took 0.0217 seconds to start up
[2017.02.06-22.01.41:405][  0]LogPackageLocalizationCache: Processed 2 localized package path(s) for 2 prioritized culture(s) in 0.011691 seconds
[2017.02.06-22.01.41:410][  0]LogUObjectArray: 29778 objects as part of root set at end of initial load.
[2017.02.06-22.01.41:410][  0]LogUObjectAllocator: 6125456 out of 0 bytes used by permanent object pool.
[2017.02.06-22.01.41:410][  0]LogUObjectArray: CloseDisregardForGC: 0/0 objects in disregard for GC pool
[2017.02.06-22.01.41:416][  0]LogInit: WinSock: version 1.1 (2.2), MaxSocks=32767, MaxUdp=65467
[2017.02.06-22.01.41:622][  0]LogSlate: SlateFontCache - WITH_FREETYPE: 1, WITH_HARFBUZZ: 1
[2017.02.06-22.01.41:622][  0]LogSlate: SlateFontCache - WITH_FREETYPE: 1, WITH_HARFBUZZ: 1
[2017.02.06-22.01.42:325][  0]LogPackageName:Error: DoesPackageExist: DoesPackageExist FAILED: '/Paper2D/MaskedUnlitSpriteMaterial' is not a standard unreal filename or a long path name. Reason: Path does not start with a valid root. Path must begin with: '/Engine/', '/Game/', '/Config/', '/Script/', or '/Temp/'
[2017.02.06-22.01.42:325][  0]LogLinker:Warning: Can't find file '/Paper2D/MaskedUnlitSpriteMaterial'
[2017.02.06-22.01.42:325][  0]LogPackageName:Error: DoesPackageExist: DoesPackageExist FAILED: '/Paper2D/MaskedUnlitSpriteMaterial' is not a standard unreal filename or a long path name. Reason: Path does not start with a valid root. Path must begin with: '/Engine/', '/Game/', '/Config/', '/Script/', or '/Temp/'
[2017.02.06-22.01.42:325][  0]LogLinker:Warning: Can't find file '/Paper2D/MaskedUnlitSpriteMaterial'
[2017.02.06-22.01.42:325][  0]LogUObjectGlobals:Warning: Failed to find object 'MaterialInterface /Paper2D/MaskedUnlitSpriteMaterial.MaskedUnlitSpriteMaterial'
[2017.02.06-22.01.42:325][  0]Error: CDO Constructor (PaperSprite): Failed to find /Paper2D/MaskedUnlitSpriteMaterial

[2017.02.06-22.01.42:325][  0]LogPackageName:Error: DoesPackageExist: DoesPackageExist FAILED: '/Paper2D/OpaqueUnlitSpriteMaterial' is not a standard unreal filename or a long path name. Reason: Path does not start with a valid root. Path must begin with: '/Engine/', '/Game/', '/Config/', '/Script/', or '/Temp/'
[2017.02.06-22.01.42:325][  0]LogLinker:Warning: Can't find file '/Paper2D/OpaqueUnlitSpriteMaterial'
[2017.02.06-22.01.42:325][  0]LogPackageName:Error: DoesPackageExist: DoesPackageExist FAILED: '/Paper2D/OpaqueUnlitSpriteMaterial' is not a standard unreal filename or a long path name. Reason: Path does not start with a valid root. Path must begin with: '/Engine/', '/Game/', '/Config/', '/Script/', or '/Temp/'
[2017.02.06-22.01.42:325][  0]LogLinker:Warning: Can't find file '/Paper2D/OpaqueUnlitSpriteMaterial'
[2017.02.06-22.01.42:325][  0]LogUObjectGlobals:Warning: Failed to find object 'MaterialInterface /Paper2D/OpaqueUnlitSpriteMaterial.OpaqueUnlitSpriteMaterial'
[2017.02.06-22.01.42:325][  0]Error: CDO Constructor (PaperSprite): Failed to find /Paper2D/OpaqueUnlitSpriteMaterial

[2017.02.06-22.01.42:326][  0]LogPackageName:Error: DoesPackageExist: DoesPackageExist FAILED: '/Paper2D/MaskedUnlitSpriteMaterial' is not a standard unreal filename or a long path name. Reason: Path does not start with a valid root. Path must begin with: '/Engine/', '/Game/', '/Config/', '/Script/', or '/Temp/'
[2017.02.06-22.01.42:326][  0]LogLinker:Warning: Can't find file '/Paper2D/MaskedUnlitSpriteMaterial'
[2017.02.06-22.01.42:326][  0]LogUObjectGlobals:Warning: Failed to find object 'MaterialInterface /Paper2D/MaskedUnlitSpriteMaterial.MaskedUnlitSpriteMaterial'
[2017.02.06-22.01.42:326][  0]Error: CDO Constructor (PaperFlipbook): Failed to find /Paper2D/MaskedUnlitSpriteMaterial

[2017.02.06-22.01.42:328][  0]LogPackageName:Error: DoesPackageExist: DoesPackageExist FAILED: '/Paper2D/DefaultPaperTerrainMaterial' is not a standard unreal filename or a long path name. Reason: Path does not start with a valid root. Path must begin with: '/Engine/', '/Game/', '/Config/', '/Script/', or '/Temp/'
[2017.02.06-22.01.42:328][  0]LogLinker:Warning: Can't find file '/Paper2D/DefaultPaperTerrainMaterial'
[2017.02.06-22.01.42:328][  0]LogPackageName:Error: DoesPackageExist: DoesPackageExist FAILED: '/Paper2D/DefaultPaperTerrainMaterial' is not a standard unreal filename or a long path name. Reason: Path does not start with a valid root. Path must begin with: '/Engine/', '/Game/', '/Config/', '/Script/', or '/Temp/'
[2017.02.06-22.01.42:328][  0]LogLinker:Warning: Can't find file '/Paper2D/DefaultPaperTerrainMaterial'
[2017.02.06-22.01.42:329][  0]LogUObjectGlobals:Warning: Failed to find object 'PaperTerrainMaterial /Paper2D/DefaultPaperTerrainMaterial.DefaultPaperTerrainMaterial'
[2017.02.06-22.01.42:329][  0]Error: CDO Constructor (PaperTerrainComponent): Failed to find /Paper2D/DefaultPaperTerrainMaterial

[2017.02.06-22.01.42:329][  0]LogPackageName:Error: DoesPackageExist: DoesPackageExist FAILED: '/Paper2D/MaskedUnlitSpriteMaterial' is not a standard unreal filename or a long path name. Reason: Path does not start with a valid root. Path must begin with: '/Engine/', '/Game/', '/Config/', '/Script/', or '/Temp/'
[2017.02.06-22.01.42:329][  0]LogLinker:Warning: Can't find file '/Paper2D/MaskedUnlitSpriteMaterial'
[2017.02.06-22.01.42:329][  0]LogUObjectGlobals:Warning: Failed to find object 'MaterialInterface /Paper2D/MaskedUnlitSpriteMaterial.MaskedUnlitSpriteMaterial'
[2017.02.06-22.01.42:329][  0]Error: CDO Constructor (PaperTileMap): Failed to find /Paper2D/MaskedUnlitSpriteMaterial

[2017.02.06-22.01.42:329][  0]LogPackageName:Error: DoesPackageExist: DoesPackageExist FAILED: '/Paper2D/MaskedUnlitSpriteMaterial' is not a standard unreal filename or a long path name. Reason: Path does not start with a valid root. Path must begin with: '/Engine/', '/Game/', '/Config/', '/Script/', or '/Temp/'
[2017.02.06-22.01.42:329][  0]LogLinker:Warning: Can't find file '/Paper2D/MaskedUnlitSpriteMaterial'
[2017.02.06-22.01.42:330][  0]LogUObjectGlobals:Warning: Failed to find object 'MaterialInterface /Paper2D/MaskedUnlitSpriteMaterial.MaskedUnlitSpriteMaterial'
[2017.02.06-22.01.42:330][  0]Error: CDO Constructor (PaperTileMapComponent): Failed to find /Paper2D/MaskedUnlitSpriteMaterial

[2017.02.06-22.01.42:331][  0]LogUObjectBase:Warning: -------------- Default Property warnings and errors:
[2017.02.06-22.01.42:331][  0]LogUObjectBase:Warning: Error: CDO Constructor (PaperSprite): Failed to find /Paper2D/MaskedUnlitSpriteMaterial

[2017.02.06-22.01.42:331][  0]LogUObjectBase:Warning: Error: CDO Constructor (PaperSprite): Failed to find /Paper2D/OpaqueUnlitSpriteMaterial

[2017.02.06-22.01.42:331][  0]LogUObjectBase:Warning: Error: CDO Constructor (PaperFlipbook): Failed to find /Paper2D/MaskedUnlitSpriteMaterial

[2017.02.06-22.01.42:331][  0]LogUObjectBase:Warning: Error: CDO Constructor (PaperTerrainComponent): Failed to find /Paper2D/DefaultPaperTerrainMaterial

[2017.02.06-22.01.42:331][  0]LogUObjectBase:Warning: Error: CDO Constructor (PaperTileMap): Failed to find /Paper2D/MaskedUnlitSpriteMaterial

[2017.02.06-22.01.42:331][  0]LogUObjectBase:Warning: Error: CDO Constructor (PaperTileMapComponent): Failed to find /Paper2D/MaskedUnlitSpriteMaterial

[2017.02.06-22.01.42:353][  0]LogWindowsTextInputMethodSystem:Display: IME system now deactivated.
[2017.02.06-22.01.43:417][  0]LogWindowsTextInputMethodSystem:Display: IME system now deactivated.
[2017.02.06-22.01.43:418][  0]LogWindowsTextInputMethodSystem:Display: IME system now deactivated.
[2017.02.06-22.01.43:435][  0]LogTcpMessaging: Initializing TcpMessaging bridge
[2017.02.06-22.01.43:454][  0]LogUdpMessaging: Initializing bridge on interface 0.0.0.0:0 to multicast group 230.0.0.1:6666.
[2017.02.06-22.01.43:675][  0]SourceControl: Info Source control is disabled
[2017.02.06-22.01.44:288][  0]LogModuleManager:Warning: No filename provided for module GitPush
[2017.02.06-22.01.44:288][  0]LogModuleManager:Warning: ModuleManager: Unable to load module 'GitPush' because the file 'C:/Program Files (x86)/Epic Games/4.13/Engine/Binaries/Win64/' was not found.
[2017.02.06-22.01.45:646][  0]LogWindowsTextInputMethodSystem:Display: IME system now deactivated.
[2017.02.06-22.01.45:646][  0]LogWindowsTextInputMethodSystem:Display: IME system now deactivated.
[2017.02.06-22.01.45:670][  0]LogExit: Preparing to exit.
[2017.02.06-22.01.46:643][  0]LogObj: Freed 0b from 0 cluster array pools.
[2017.02.06-22.01.46:643][  0]LogExit: Object subsystem successfully closed.
[2017.02.06-22.01.46:658][  0]LogD3D11RHI: Shutdown
[2017.02.06-22.01.46:658][  0]LogD3D11RHI: CleanupD3DDevice
[2017.02.06-22.01.46:711][  0]LogD3D11RHI: ~FD3D11DynamicRHI
[2017.02.06-22.01.46:720][  0]LogModuleManager: Shutting down and abandoning module SlateRemote (137)
[2017.02.06-22.01.46:720][  0]LogModuleManager: Shutting down and abandoning module SteamVRController (136)
[2017.02.06-22.01.46:720][  0]LogModuleManager: Shutting down and abandoning module SteamVR (135)
[2017.02.06-22.01.46:720][  0]LogModuleManager: Shutting down and abandoning module ProceduralMeshComponentEditor (134)
[2017.02.06-22.01.46:720][  0]LogModuleManager: Shutting down and abandoning module ProceduralMeshComponent (133)
[2017.02.06-22.01.46:720][  0]LogModuleManager: Shutting down and abandoning module OculusLibrary (132)
[2017.02.06-22.01.46:720][  0]LogModuleManager: Shutting down and abandoning module OculusInput (131)
[2017.02.06-22.01.46:720][  0]LogModuleManager: Shutting down and abandoning module CustomMeshComponent (130)
[2017.02.06-22.01.46:720][  0]LogModuleManager: Shutting down and abandoning module CableComponent (129)
[2017.02.06-22.01.46:720][  0]LogModuleManager: Shutting down and abandoning module ArchVisCharacter (128)
[2017.02.06-22.01.46:720][  0]LogModuleManager: Shutting down and abandoning module MediaPlayerEditor (126)
[2017.02.06-22.01.46:720][  0]LogModuleManager: Shutting down and abandoning module HTML5Networking (125)
[2017.02.06-22.01.46:720][  0]LogModuleManager: Shutting down and abandoning module GeometryCacheEd (124)
[2017.02.06-22.01.46:720][  0]LogModuleManager: Shutting down and abandoning module GeometryCache (123)
[2017.02.06-22.01.46:720][  0]LogModuleManager: Shutting down and abandoning module AlembicLibrary (122)
[2017.02.06-22.01.46:720][  0]LogModuleManager: Shutting down and abandoning module AlembicImporter (121)
[2017.02.06-22.01.46:720][  0]LogModuleManager: Shutting down and abandoning module SuperSearch (120)
[2017.02.06-22.01.46:720][  0]LogModuleManager: Shutting down and abandoning module SuperSearchEditor (119)
[2017.02.06-22.01.46:720][  0]LogModuleManager: Shutting down and abandoning module SpeedTreeImporter (118)
[2017.02.06-22.01.46:720][  0]LogModuleManager: Shutting down and abandoning module PluginBrowser (117)
[2017.02.06-22.01.46:720][  0]LogModuleManager: Shutting down and abandoning module MobileLauncherProfileWizard (116)
[2017.02.06-22.01.46:720][  0]LogModuleManager: Shutting down and abandoning module EpicSurvey (115)
[2017.02.06-22.01.46:720][  0]LogModuleManager: Shutting down and abandoning module DesktopPlatform (114)
[2017.02.06-22.01.46:720][  0]LogModuleManager: Shutting down and abandoning module VisualStudioSourceCodeAccess (113)
[2017.02.06-22.01.46:720][  0]LogModuleManager: Shutting down and abandoning module UObjectPlugin (112)
[2017.02.06-22.01.46:720][  0]LogModuleManager: Shutting down and abandoning module SubversionSourceControl (111)
[2017.02.06-22.01.46:720][  0]LogModuleManager: Shutting down and abandoning module PerforceSourceControl (110)
[2017.02.06-22.01.46:720][  0]LogModuleManager: Shutting down and abandoning module SourceControl (109)
[2017.02.06-22.01.46:720][  0]LogModuleManager: Shutting down and abandoning module GitSourceControl (108)
[2017.02.06-22.01.46:720][  0]LogModuleManager: Shutting down and abandoning module LightPropagationVolumeEditor (107)
[2017.02.06-22.01.46:720][  0]LogModuleManager: Shutting down and abandoning module PaperTiledImporter (106)
[2017.02.06-22.01.46:720][  0]LogModuleManager: Shutting down and abandoning module PaperSpriteSheetImporter (105)
[2017.02.06-22.01.46:720][  0]LogModuleManager: Shutting down and abandoning module MeshPaint (104)
[2017.02.06-22.01.46:720][  0]LogModuleManager: Shutting down and abandoning module FbxAutomationBuilderModule (103)
[2017.02.06-22.01.46:720][  0]LogModuleManager: Shutting down and abandoning module PixelInspectorModule (102)
[2017.02.06-22.01.46:720][  0]LogModuleManager: Shutting down and abandoning module HotReload (101)
[2017.02.06-22.01.46:721][  0]LogModuleManager: Shutting down and abandoning module MainFrame (100)
[2017.02.06-22.01.46:721][  0]LogModuleManager: Shutting down and abandoning module LevelEditor (99)
[2017.02.06-22.01.46:721][  0]LogModuleManager: Shutting down and abandoning module ContentBrowser (98)
[2017.02.06-22.01.46:721][  0]LogModuleManager: Shutting down and abandoning module Paper2DEditor (97)
[2017.02.06-22.01.46:721][  0]LogModuleManager: Shutting down and abandoning module UdpMessaging (96)
[2017.02.06-22.01.46:821][  0]LogModuleManager: Shutting down and abandoning module TcpMessaging (95)
[2017.02.06-22.01.47:438][  0]LogModuleManager: Shutting down and abandoning module LightPropagationVolumeRuntime (94)
[2017.02.06-22.01.47:438][  0]LogModuleManager: Shutting down and abandoning module Paper2D (93)
[2017.02.06-22.01.47:438][  0]LogModuleManager: Shutting down and abandoning module WindowsMoviePlayer (92)
[2017.02.06-22.01.47:438][  0]LogModuleManager: Shutting down and abandoning module WmfMedia (91)
[2017.02.06-22.01.47:438][  0]LogModuleManager: Shutting down and abandoning module MediaAssets (90)
[2017.02.06-22.01.47:438][  0]LogModuleManager: Shutting down and abandoning module GameLiveStreaming (89)
[2017.02.06-22.01.47:438][  0]LogModuleManager: Shutting down and abandoning module GameplayTagsEditor (88)
[2017.02.06-22.01.47:438][  0]LogModuleManager: Shutting down and abandoning module VREditor (87)
[2017.02.06-22.01.47:438][  0]LogModuleManager: Shutting down and abandoning module GameplayTasksEditor (86)
[2017.02.06-22.01.47:438][  0]LogModuleManager: Shutting down and abandoning module PropertyEditor (85)
[2017.02.06-22.01.47:438][  0]LogModuleManager: Shutting down and abandoning module BehaviorTreeEditor (84)
[2017.02.06-22.01.47:438][  0]LogModuleManager: Shutting down and abandoning module FunctionalTesting (83)
[2017.02.06-22.01.47:438][  0]LogModuleManager: Shutting down and abandoning module CollisionAnalyzer (82)
[2017.02.06-22.01.47:438][  0]LogModuleManager: Shutting down and abandoning module Sequencer (81)
[2017.02.06-22.01.47:438][  0]LogModuleManager: Shutting down and abandoning module WorkspaceMenuStructure (80)
[2017.02.06-22.01.47:438][  0]LogModuleManager: Shutting down and abandoning module MessageLog (79)
[2017.02.06-22.01.47:438][  0]LogModuleManager: Shutting down and abandoning module AssetTools (78)
[2017.02.06-22.01.47:439][  0]LogModuleManager: Shutting down and abandoning module UMGEditor (77)
[2017.02.06-22.01.47:439][  0]LogModuleManager: Shutting down and abandoning module UMG (76)
[2017.02.06-22.01.47:439][  0]LogModuleManager: Shutting down and abandoning module SlateReflector (75)
[2017.02.06-22.01.47:439][  0]LogModuleManager: Shutting down and abandoning module Slate (74)
[2017.02.06-22.01.47:439][  0]LogModuleManager: Shutting down and abandoning module EditorStyle (73)
[2017.02.06-22.01.47:442][  0]LogModuleManager: Shutting down and abandoning module SourceCodeAccess (72)
[2017.02.06-22.01.47:442][  0]LogModuleManager: Shutting down and abandoning module HeadMountedDisplay (71)
[2017.02.06-22.01.47:442][  0]LogModuleManager: Shutting down and abandoning module XAudio2 (70)
[2017.02.06-22.01.47:442][  0]LogModuleManager: Shutting down and abandoning module Networking (68)
[2017.02.06-22.01.47:442][  0]LogModuleManager: Shutting down and abandoning module Core (67)
[2017.02.06-22.01.47:442][  0]LogModuleManager: Shutting down and abandoning module DirectoryWatcher (66)
[2017.02.06-22.01.47:442][  0]LogDirectoryWatcher: A directory notification for '../../../Engine/Content/' was aborted.
[2017.02.06-22.01.47:442][  0]LogDirectoryWatcher: A directory notification for '../../../../../../Users/MET-PC/Desktop/Project_Wyvern/Content/' was aborted.
[2017.02.06-22.01.47:442][  0]LogModuleManager: Shutting down and abandoning module AssetRegistry (65)
[2017.02.06-22.01.47:617][  0]LogModuleManager: Shutting down and abandoning module KismetCompiler (64)
[2017.02.06-22.01.47:617][  0]LogModuleManager: Shutting down and abandoning module PhysXFormats (63)
[2017.02.06-22.01.47:617][  0]LogModuleManager: Shutting down and abandoning module MeshUtilities (62)
[2017.02.06-22.01.47:617][  0]LogModuleManager: Shutting down and abandoning module DerivedDataCache (61)
[2017.02.06-22.01.47:640][  0]LogDerivedDataCache: Shutdown
[2017.02.06-22.01.47:640][  0]LogModuleManager: Shutting down and abandoning module VulkanShaderFormat (60)
[2017.02.06-22.01.47:640][  0]LogModuleManager: Shutting down and abandoning module ShaderFormatOpenGL (59)
[2017.02.06-22.01.47:640][  0]LogModuleManager: Shutting down and abandoning module ShaderFormatD3D (58)
[2017.02.06-22.01.47:640][  0]LogModuleManager: Shutting down and abandoning module MetalShaderFormat (57)
[2017.02.06-22.01.47:640][  0]LogModuleManager: Shutting down and abandoning module TextureFormatUncompressed (56)
[2017.02.06-22.01.47:640][  0]LogModuleManager: Shutting down and abandoning module TextureFormatPVR (55)
[2017.02.06-22.01.47:640][  0]LogModuleManager: Shutting down and abandoning module TextureFormatDXT (54)
[2017.02.06-22.01.47:640][  0]LogModuleManager: Shutting down and abandoning module TextureFormatIntelISPCTexComp (53)
[2017.02.06-22.01.47:640][  0]LogModuleManager: Shutting down and abandoning module ImageWrapper (52)
[2017.02.06-22.01.47:640][  0]LogModuleManager: Shutting down and abandoning module TextureFormatASTC (51)
[2017.02.06-22.01.47:640][  0]LogModuleManager: Shutting down and abandoning module TextureFormatAndroid (50)
[2017.02.06-22.01.47:640][  0]LogModuleManager: Shutting down and abandoning module AudioFormatOpus (49)
[2017.02.06-22.01.47:640][  0]LogModuleManager: Shutting down and abandoning module AudioFormatOgg (48)
[2017.02.06-22.01.47:640][  0]LogModuleManager: Shutting down and abandoning module AudioFormatADPCM (47)
[2017.02.06-22.01.47:640][  0]LogModuleManager: Shutting down and abandoning module LinuxTargetPlatform (46)
[2017.02.06-22.01.47:640][  0]LogModuleManager: Shutting down and abandoning module LinuxServerTargetPlatform (45)
[2017.02.06-22.01.47:640][  0]LogModuleManager: Shutting down and abandoning module LinuxNoEditorTargetPlatform (44)
[2017.02.06-22.01.47:640][  0]LogModuleManager: Shutting down and abandoning module LinuxClientTargetPlatform (43)
[2017.02.06-22.01.47:640][  0]LogModuleManager: Shutting down and abandoning module TVOSTargetPlatform (42)
[2017.02.06-22.01.47:640][  0]LogModuleManager: Shutting down and abandoning module Messaging (41)
[2017.02.06-22.01.47:640][  0]LogModuleManager: Shutting down and abandoning module IOSTargetPlatform (40)
[2017.02.06-22.01.47:640][  0]LogModuleManager: Shutting down and abandoning module HTML5TargetPlatform (39)
[2017.02.06-22.01.47:640][  0]LogModuleManager: Shutting down and abandoning module Android_PVRTCTargetPlatform (38)
[2017.02.06-22.01.47:640][  0]LogModuleManager: Shutting down and abandoning module Android_MultiTargetPlatform (37)
[2017.02.06-22.01.47:640][  0]LogModuleManager: Shutting down and abandoning module Android_ETC2TargetPlatform (36)
[2017.02.06-22.01.47:640][  0]LogModuleManager: Shutting down and abandoning module Android_ETC1TargetPlatform (35)
[2017.02.06-22.01.47:640][  0]LogModuleManager: Shutting down and abandoning module Android_DXTTargetPlatform (34)
[2017.02.06-22.01.47:640][  0]LogModuleManager: Shutting down and abandoning module Android_ATCTargetPlatform (33)
[2017.02.06-22.01.47:640][  0]LogModuleManager: Shutting down and abandoning module Android_ASTCTargetPlatform (32)
[2017.02.06-22.01.47:640][  0]LogModuleManager: Shutting down and abandoning module AndroidTargetPlatform (31)
[2017.02.06-22.01.47:640][  0]LogModuleManager: Shutting down and abandoning module WindowsTargetPlatform (30)
[2017.02.06-22.01.47:640][  0]LogModuleManager: Shutting down and abandoning module WindowsServerTargetPlatform (29)
[2017.02.06-22.01.47:640][  0]LogModuleManager: Shutting down and abandoning module WindowsNoEditorTargetPlatform (28)
[2017.02.06-22.01.47:640][  0]LogModuleManager: Shutting down and abandoning module WindowsClientTargetPlatform (27)
[2017.02.06-22.01.47:640][  0]LogModuleManager: Shutting down and abandoning module AllDesktopTargetPlatform (26)
[2017.02.06-22.01.47:640][  0]LogModuleManager: Shutting down and abandoning module TargetPlatform (25)
[2017.02.06-22.01.47:640][  0]LogModuleManager: Shutting down and abandoning module InputCore (24)
[2017.02.06-22.01.47:640][  0]LogModuleManager: Shutting down and abandoning module Settings (23)
[2017.02.06-22.01.47:640][  0]LogModuleManager: Shutting down and abandoning module OculusRift (22)
[2017.02.06-22.01.47:640][  0]LogModuleManager: Shutting down and abandoning module GearVR (21)
[2017.02.06-22.01.47:640][  0]LogModuleManager: Shutting down and abandoning module ExampleDeviceProfileSelector (20)
[2017.02.06-22.01.47:640][  0]LogModuleManager: Shutting down and abandoning module OnlineBlueprintSupport (19)
[2017.02.06-22.01.47:640][  0]LogModuleManager: Shutting down and abandoning module OnlineSubsystem (17)
[2017.02.06-22.01.47:640][  0]LogOnline:Display: Unloading online subsystem: NULL
[2017.02.06-22.01.47:640][  0]LogModuleManager: Shutting down and abandoning module HTTP (16)
[2017.02.06-22.01.47:671][  0]LogModuleManager: Shutting down and abandoning module XMPP (15)
[2017.02.06-22.01.47:671][  0]LogModuleManager: Shutting down and abandoning module TextureCompressor (14)
[2017.02.06-22.01.47:671][  0]LogModuleManager: Shutting down and abandoning module ShaderCore (13)
[2017.02.06-22.01.47:671][  0]LogModuleManager: Shutting down and abandoning module Landscape (12)
[2017.02.06-22.01.47:671][  0]LogModuleManager: Shutting down and abandoning module SlateRHIRenderer (11)
[2017.02.06-22.01.47:671][  0]LogModuleManager: Shutting down and abandoning module OpenGLDrv (10)
[2017.02.06-22.01.47:671][  0]LogModuleManager: Shutting down and abandoning module D3D11RHI (9)
[2017.02.06-22.01.47:671][  0]LogModuleManager: Shutting down and abandoning module AnimGraphRuntime (8)
[2017.02.06-22.01.47:671][  0]LogModuleManager: Shutting down and abandoning module Renderer (7)
[2017.02.06-22.01.47:671][  0]LogModuleManager: Shutting down and abandoning module Engine (6)
[2017.02.06-22.01.47:671][  0]LogModuleManager: Shutting down and abandoning module CoreUObject (5)
[2017.02.06-22.01.47:671][  0]LogModuleManager: Shutting down and abandoning module NetworkFile (4)
[2017.02.06-22.01.47:671][  0]LogModuleManager: Shutting down and abandoning module StreamingFile (3)
[2017.02.06-22.01.47:671][  0]LogModuleManager: Shutting down and abandoning module SandboxFile (2)
[2017.02.06-22.01.47:671][  0]LogModuleManager: Shutting down and abandoning module PakFile (1)
[2017.02.06-22.01.47:673][  0]LogExit: Exiting.
[2017.02.06-22.01.47:682][  0]Log file closed, 02/06/17 22:01:47
